The system is: Linux - 5.5.8-arch1-1 - x86_64
Compiling the C compiler identification source file "CMakeCCompilerId.c" succeeded.
Compiler: /usr/bin/cc 
Build flags: 
Id flags:  

The output was:
0


Compilation of the C compiler identification source "CMakeCCompilerId.c" produced "a.out"

The C compiler identification is GNU, found in "/home/laura/Documents/course_os/CMakeFiles/3.16.5/CompilerIdC/a.out"

Compiling the CXX compiler identification source file "CMakeCXXCompilerId.cpp" succeeded.
Compiler: /usr/bin/c++ 
Build flags: 
Id flags:  

The output was:
0


Compilation of the CXX compiler identification source "CMakeCXXCompilerId.cpp" produced "a.out"

The CXX compiler identification is GNU, found in "/home/laura/Documents/course_os/CMakeFiles/3.16.5/CompilerIdCXX/a.out"

Determining if the C compiler works passed with the following output:
Change Dir: /home/laura/Documents/course_os/CMakeFiles/CMakeTmp

Run Build Command(s):/usr/bin/make cmTC_b1ba8/fast && /usr/bin/make -f CMakeFiles/cmTC_b1ba8.dir/build.make CMakeFiles/cmTC_b1ba8.dir/build
make[1]: Entering directory '/home/laura/Documents/course_os/CMakeFiles/CMakeTmp'
Building C object CMakeFiles/cmTC_b1ba8.dir/testCCompiler.c.o
/usr/bin/cc    -o CMakeFiles/cmTC_b1ba8.dir/testCCompiler.c.o   -c /home/laura/Documents/course_os/CMakeFiles/CMakeTmp/testCCompiler.c
Linking C executable cmTC_b1ba8
/usr/bin/cmake -E cmake_link_script CMakeFiles/cmTC_b1ba8.dir/link.txt --verbose=1
/usr/bin/cc      CMakeFiles/cmTC_b1ba8.dir/testCCompiler.c.o  -o cmTC_b1ba8 
make[1]: Leaving directory '/home/laura/Documents/course_os/CMakeFiles/CMakeTmp'



Detecting C compiler ABI info compiled with the following output:
Change Dir: /home/laura/Documents/course_os/CMakeFiles/CMakeTmp

Run Build Command(s):/usr/bin/make cmTC_2ba87/fast && /usr/bin/make -f CMakeFiles/cmTC_2ba87.dir/build.make CMakeFiles/cmTC_2ba87.dir/build
make[1]: Entering directory '/home/laura/Documents/course_os/CMakeFiles/CMakeTmp'
Building C object CMakeFiles/cmTC_2ba87.dir/CMakeCCompilerABI.c.o
/usr/bin/cc   -v -o CMakeFiles/cmTC_2ba87.dir/CMakeCCompilerABI.c.o   -c /usr/share/cmake-3.16/Modules/CMakeCCompilerABI.c
Using built-in specs.
COLLECT_GCC=/usr/bin/cc
Target: x86_64-pc-linux-gnu
Configured with: /build/gcc/src/gcc/configure --prefix=/usr --libdir=/usr/lib --libexecdir=/usr/lib --mandir=/usr/share/man --infodir=/usr/share/info --with-pkgversion='Arch Linux 9.2.1+20200130-2' --with-bugurl=https://bugs.archlinux.org/ --enable-languages=c,c++,ada,fortran,go,lto,objc,obj-c++,d --enable-shared --enable-threads=posix --with-system-zlib --with-isl --enable-__cxa_atexit --disable-libunwind-exceptions --enable-clocale=gnu --disable-libstdcxx-pch --disable-libssp --enable-gnu-unique-object --enable-linker-build-id --enable-lto --enable-plugin --enable-install-libiberty --with-linker-hash-style=gnu --enable-gnu-indirect-function --enable-multilib --disable-werror --enable-checking=release --enable-default-pie --enable-default-ssp --enable-cet=auto gdc_include_dir=/usr/include/dlang/gdc
Thread model: posix
gcc version 9.2.1 20200130 (Arch Linux 9.2.1+20200130-2) 
COLLECT_GCC_OPTIONS='-v' '-o' 'CMakeFiles/cmTC_2ba87.dir/CMakeCCompilerABI.c.o' '-c' '-mtune=generic' '-march=x86-64'
 /usr/lib/gcc/x86_64-pc-linux-gnu/9.2.1/cc1 -quiet -v /usr/share/cmake-3.16/Modules/CMakeCCompilerABI.c -quiet -dumpbase CMakeCCompilerABI.c -mtune=generic -march=x86-64 -auxbase-strip CMakeFiles/cmTC_2ba87.dir/CMakeCCompilerABI.c.o -version -o /tmp/ccfnqLmk.s
GNU C17 (Arch Linux 9.2.1+20200130-2) version 9.2.1 20200130 (x86_64-pc-linux-gnu)
	compiled by GNU C version 9.2.1 20200130, GMP version 6.2.0, MPFR version 4.0.2, MPC version 1.1.0, isl version isl-0.21-GMP

GGC heuristics: --param ggc-min-expand=100 --param ggc-min-heapsize=131072
ignoring nonexistent directory "/usr/lib/gcc/x86_64-pc-linux-gnu/9.2.1/../../../../x86_64-pc-linux-gnu/include"
#include "..." search starts here:
#include <...> search starts here:
 /usr/lib/gcc/x86_64-pc-linux-gnu/9.2.1/include
 /usr/local/include
 /usr/lib/gcc/x86_64-pc-linux-gnu/9.2.1/include-fixed
 /usr/include
End of search list.
GNU C17 (Arch Linux 9.2.1+20200130-2) version 9.2.1 20200130 (x86_64-pc-linux-gnu)
	compiled by GNU C version 9.2.1 20200130, GMP version 6.2.0, MPFR version 4.0.2, MPC version 1.1.0, isl version isl-0.21-GMP

GGC heuristics: --param ggc-min-expand=100 --param ggc-min-heapsize=131072
Compiler executable checksum: 3aaa94857c123f2071b8be0d161ad9fe
COLLECT_GCC_OPTIONS='-v' '-o' 'CMakeFiles/cmTC_2ba87.dir/CMakeCCompilerABI.c.o' '-c' '-mtune=generic' '-march=x86-64'
 as -v --64 -o CMakeFiles/cmTC_2ba87.dir/CMakeCCompilerABI.c.o /tmp/ccfnqLmk.s
GNU assembler version 2.34 (x86_64-pc-linux-gnu) using BFD version (GNU Binutils) 2.34
COMPILER_PATH=/usr/lib/gcc/x86_64-pc-linux-gnu/9.2.1/:/usr/lib/gcc/x86_64-pc-linux-gnu/9.2.1/:/usr/lib/gcc/x86_64-pc-linux-gnu/:/usr/lib/gcc/x86_64-pc-linux-gnu/9.2.1/:/usr/lib/gcc/x86_64-pc-linux-gnu/
LIBRARY_PATH=/usr/lib/gcc/x86_64-pc-linux-gnu/9.2.1/:/usr/lib/gcc/x86_64-pc-linux-gnu/9.2.1/../../../../lib/:/lib/../lib/:/usr/lib/../lib/:/usr/lib/gcc/x86_64-pc-linux-gnu/9.2.1/../../../:/lib/:/usr/lib/
COLLECT_GCC_OPTIONS='-v' '-o' 'CMakeFiles/cmTC_2ba87.dir/CMakeCCompilerABI.c.o' '-c' '-mtune=generic' '-march=x86-64'
Linking C executable cmTC_2ba87
/usr/bin/cmake -E cmake_link_script CMakeFiles/cmTC_2ba87.dir/link.txt --verbose=1
/usr/bin/cc     -v CMakeFiles/cmTC_2ba87.dir/CMakeCCompilerABI.c.o  -o cmTC_2ba87 
Using built-in specs.
COLLECT_GCC=/usr/bin/cc
COLLECT_LTO_WRAPPER=/usr/lib/gcc/x86_64-pc-linux-gnu/9.2.1/lto-wrapper
Target: x86_64-pc-linux-gnu
Configured with: /build/gcc/src/gcc/configure --prefix=/usr --libdir=/usr/lib --libexecdir=/usr/lib --mandir=/usr/share/man --infodir=/usr/share/info --with-pkgversion='Arch Linux 9.2.1+20200130-2' --with-bugurl=https://bugs.archlinux.org/ --enable-languages=c,c++,ada,fortran,go,lto,objc,obj-c++,d --enable-shared --enable-threads=posix --with-system-zlib --with-isl --enable-__cxa_atexit --disable-libunwind-exceptions --enable-clocale=gnu --disable-libstdcxx-pch --disable-libssp --enable-gnu-unique-object --enable-linker-build-id --enable-lto --enable-plugin --enable-install-libiberty --with-linker-hash-style=gnu --enable-gnu-indirect-function --enable-multilib --disable-werror --enable-checking=release --enable-default-pie --enable-default-ssp --enable-cet=auto gdc_include_dir=/usr/include/dlang/gdc
Thread model: posix
gcc version 9.2.1 20200130 (Arch Linux 9.2.1+20200130-2) 
COMPILER_PATH=/usr/lib/gcc/x86_64-pc-linux-gnu/9.2.1/:/usr/lib/gcc/x86_64-pc-linux-gnu/9.2.1/:/usr/lib/gcc/x86_64-pc-linux-gnu/:/usr/lib/gcc/x86_64-pc-linux-gnu/9.2.1/:/usr/lib/gcc/x86_64-pc-linux-gnu/
LIBRARY_PATH=/usr/lib/gcc/x86_64-pc-linux-gnu/9.2.1/:/usr/lib/gcc/x86_64-pc-linux-gnu/9.2.1/../../../../lib/:/lib/../lib/:/usr/lib/../lib/:/usr/lib/gcc/x86_64-pc-linux-gnu/9.2.1/../../../:/lib/:/usr/lib/
COLLECT_GCC_OPTIONS='-v' '-o' 'cmTC_2ba87' '-mtune=generic' '-march=x86-64'
 /usr/lib/gcc/x86_64-pc-linux-gnu/9.2.1/collect2 -plugin /usr/lib/gcc/x86_64-pc-linux-gnu/9.2.1/liblto_plugin.so -plugin-opt=/usr/lib/gcc/x86_64-pc-linux-gnu/9.2.1/lto-wrapper -plugin-opt=-fresolution=/tmp/cci0T72K.res -plugin-opt=-pass-through=-lgcc -plugin-opt=-pass-through=-lgcc_s -plugin-opt=-pass-through=-lc -plugin-opt=-pass-through=-lgcc -plugin-opt=-pass-through=-lgcc_s --build-id --eh-frame-hdr --hash-style=gnu -m elf_x86_64 -dynamic-linker /lib64/ld-linux-x86-64.so.2 -pie -o cmTC_2ba87 /usr/lib/gcc/x86_64-pc-linux-gnu/9.2.1/../../../../lib/Scrt1.o /usr/lib/gcc/x86_64-pc-linux-gnu/9.2.1/../../../../lib/crti.o /usr/lib/gcc/x86_64-pc-linux-gnu/9.2.1/crtbeginS.o -L/usr/lib/gcc/x86_64-pc-linux-gnu/9.2.1 -L/usr/lib/gcc/x86_64-pc-linux-gnu/9.2.1/../../../../lib -L/lib/../lib -L/usr/lib/../lib -L/usr/lib/gcc/x86_64-pc-linux-gnu/9.2.1/../../.. CMakeFiles/cmTC_2ba87.dir/CMakeCCompilerABI.c.o -lgcc --push-state --as-needed -lgcc_s --pop-state -lc -lgcc --push-state --as-needed -lgcc_s --pop-state /usr/lib/gcc/x86_64-pc-linux-gnu/9.2.1/crtendS.o /usr/lib/gcc/x86_64-pc-linux-gnu/9.2.1/../../../../lib/crtn.o
COLLECT_GCC_OPTIONS='-v' '-o' 'cmTC_2ba87' '-mtune=generic' '-march=x86-64'
make[1]: Leaving directory '/home/laura/Documents/course_os/CMakeFiles/CMakeTmp'



Parsed C implicit include dir info from above output: rv=done
  found start of include info
  found start of implicit include info
    add: [/usr/lib/gcc/x86_64-pc-linux-gnu/9.2.1/include]
    add: [/usr/local/include]
    add: [/usr/lib/gcc/x86_64-pc-linux-gnu/9.2.1/include-fixed]
    add: [/usr/include]
  end of search list found
  collapse include dir [/usr/lib/gcc/x86_64-pc-linux-gnu/9.2.1/include] ==> [/usr/lib/gcc/x86_64-pc-linux-gnu/9.2.1/include]
  collapse include dir [/usr/local/include] ==> [/usr/local/include]
  collapse include dir [/usr/lib/gcc/x86_64-pc-linux-gnu/9.2.1/include-fixed] ==> [/usr/lib/gcc/x86_64-pc-linux-gnu/9.2.1/include-fixed]
  collapse include dir [/usr/include] ==> [/usr/include]
  implicit include dirs: [/usr/lib/gcc/x86_64-pc-linux-gnu/9.2.1/include;/usr/local/include;/usr/lib/gcc/x86_64-pc-linux-gnu/9.2.1/include-fixed;/usr/include]


Parsed C implicit link information from above output:
  link line regex: [^( *|.*[/\])(ld|CMAKE_LINK_STARTFILE-NOTFOUND|([^/\]+-)?ld|collect2)[^/\]*( |$)]
  ignore line: [Change Dir: /home/laura/Documents/course_os/CMakeFiles/CMakeTmp]
  ignore line: []
  ignore line: [Run Build Command(s):/usr/bin/make cmTC_2ba87/fast && /usr/bin/make -f CMakeFiles/cmTC_2ba87.dir/build.make CMakeFiles/cmTC_2ba87.dir/build]
  ignore line: [make[1]: Entering directory '/home/laura/Documents/course_os/CMakeFiles/CMakeTmp']
  ignore line: [Building C object CMakeFiles/cmTC_2ba87.dir/CMakeCCompilerABI.c.o]
  ignore line: [/usr/bin/cc   -v -o CMakeFiles/cmTC_2ba87.dir/CMakeCCompilerABI.c.o   -c /usr/share/cmake-3.16/Modules/CMakeCCompilerABI.c]
  ignore line: [Using built-in specs.]
  ignore line: [COLLECT_GCC=/usr/bin/cc]
  ignore line: [Target: x86_64-pc-linux-gnu]
  ignore line: [Configured with: /build/gcc/src/gcc/configure --prefix=/usr --libdir=/usr/lib --libexecdir=/usr/lib --mandir=/usr/share/man --infodir=/usr/share/info --with-pkgversion='Arch Linux 9.2.1+20200130-2' --with-bugurl=https://bugs.archlinux.org/ --enable-languages=c c++ ada fortran go lto objc obj-c++ d --enable-shared --enable-threads=posix --with-system-zlib --with-isl --enable-__cxa_atexit --disable-libunwind-exceptions --enable-clocale=gnu --disable-libstdcxx-pch --disable-libssp --enable-gnu-unique-object --enable-linker-build-id --enable-lto --enable-plugin --enable-install-libiberty --with-linker-hash-style=gnu --enable-gnu-indirect-function --enable-multilib --disable-werror --enable-checking=release --enable-default-pie --enable-default-ssp --enable-cet=auto gdc_include_dir=/usr/include/dlang/gdc]
  ignore line: [Thread model: posix]
  ignore line: [gcc version 9.2.1 20200130 (Arch Linux 9.2.1+20200130-2) ]
  ignore line: [COLLECT_GCC_OPTIONS='-v' '-o' 'CMakeFiles/cmTC_2ba87.dir/CMakeCCompilerABI.c.o' '-c' '-mtune=generic' '-march=x86-64']
  ignore line: [ /usr/lib/gcc/x86_64-pc-linux-gnu/9.2.1/cc1 -quiet -v /usr/share/cmake-3.16/Modules/CMakeCCompilerABI.c -quiet -dumpbase CMakeCCompilerABI.c -mtune=generic -march=x86-64 -auxbase-strip CMakeFiles/cmTC_2ba87.dir/CMakeCCompilerABI.c.o -version -o /tmp/ccfnqLmk.s]
  ignore line: [GNU C17 (Arch Linux 9.2.1+20200130-2) version 9.2.1 20200130 (x86_64-pc-linux-gnu)]
  ignore line: [	compiled by GNU C version 9.2.1 20200130  GMP version 6.2.0  MPFR version 4.0.2  MPC version 1.1.0  isl version isl-0.21-GMP]
  ignore line: []
  ignore line: [GGC heuristics: --param ggc-min-expand=100 --param ggc-min-heapsize=131072]
  ignore line: [ignoring nonexistent directory "/usr/lib/gcc/x86_64-pc-linux-gnu/9.2.1/../../../../x86_64-pc-linux-gnu/include"]
  ignore line: [#include "..." search starts here:]
  ignore line: [#include <...> search starts here:]
  ignore line: [ /usr/lib/gcc/x86_64-pc-linux-gnu/9.2.1/include]
  ignore line: [ /usr/local/include]
  ignore line: [ /usr/lib/gcc/x86_64-pc-linux-gnu/9.2.1/include-fixed]
  ignore line: [ /usr/include]
  ignore line: [End of search list.]
  ignore line: [GNU C17 (Arch Linux 9.2.1+20200130-2) version 9.2.1 20200130 (x86_64-pc-linux-gnu)]
  ignore line: [	compiled by GNU C version 9.2.1 20200130  GMP version 6.2.0  MPFR version 4.0.2  MPC version 1.1.0  isl version isl-0.21-GMP]
  ignore line: []
  ignore line: [GGC heuristics: --param ggc-min-expand=100 --param ggc-min-heapsize=131072]
  ignore line: [Compiler executable checksum: 3aaa94857c123f2071b8be0d161ad9fe]
  ignore line: [COLLECT_GCC_OPTIONS='-v' '-o' 'CMakeFiles/cmTC_2ba87.dir/CMakeCCompilerABI.c.o' '-c' '-mtune=generic' '-march=x86-64']
  ignore line: [ as -v --64 -o CMakeFiles/cmTC_2ba87.dir/CMakeCCompilerABI.c.o /tmp/ccfnqLmk.s]
  ignore line: [GNU assembler version 2.34 (x86_64-pc-linux-gnu) using BFD version (GNU Binutils) 2.34]
  ignore line: [COMPILER_PATH=/usr/lib/gcc/x86_64-pc-linux-gnu/9.2.1/:/usr/lib/gcc/x86_64-pc-linux-gnu/9.2.1/:/usr/lib/gcc/x86_64-pc-linux-gnu/:/usr/lib/gcc/x86_64-pc-linux-gnu/9.2.1/:/usr/lib/gcc/x86_64-pc-linux-gnu/]
  ignore line: [LIBRARY_PATH=/usr/lib/gcc/x86_64-pc-linux-gnu/9.2.1/:/usr/lib/gcc/x86_64-pc-linux-gnu/9.2.1/../../../../lib/:/lib/../lib/:/usr/lib/../lib/:/usr/lib/gcc/x86_64-pc-linux-gnu/9.2.1/../../../:/lib/:/usr/lib/]
  ignore line: [COLLECT_GCC_OPTIONS='-v' '-o' 'CMakeFiles/cmTC_2ba87.dir/CMakeCCompilerABI.c.o' '-c' '-mtune=generic' '-march=x86-64']
  ignore line: [Linking C executable cmTC_2ba87]
  ignore line: [/usr/bin/cmake -E cmake_link_script CMakeFiles/cmTC_2ba87.dir/link.txt --verbose=1]
  ignore line: [/usr/bin/cc     -v CMakeFiles/cmTC_2ba87.dir/CMakeCCompilerABI.c.o  -o cmTC_2ba87 ]
  ignore line: [Using built-in specs.]
  ignore line: [COLLECT_GCC=/usr/bin/cc]
  ignore line: [COLLECT_LTO_WRAPPER=/usr/lib/gcc/x86_64-pc-linux-gnu/9.2.1/lto-wrapper]
  ignore line: [Target: x86_64-pc-linux-gnu]
  ignore line: [Configured with: /build/gcc/src/gcc/configure --prefix=/usr --libdir=/usr/lib --libexecdir=/usr/lib --mandir=/usr/share/man --infodir=/usr/share/info --with-pkgversion='Arch Linux 9.2.1+20200130-2' --with-bugurl=https://bugs.archlinux.org/ --enable-languages=c c++ ada fortran go lto objc obj-c++ d --enable-shared --enable-threads=posix --with-system-zlib --with-isl --enable-__cxa_atexit --disable-libunwind-exceptions --enable-clocale=gnu --disable-libstdcxx-pch --disable-libssp --enable-gnu-unique-object --enable-linker-build-id --enable-lto --enable-plugin --enable-install-libiberty --with-linker-hash-style=gnu --enable-gnu-indirect-function --enable-multilib --disable-werror --enable-checking=release --enable-default-pie --enable-default-ssp --enable-cet=auto gdc_include_dir=/usr/include/dlang/gdc]
  ignore line: [Thread model: posix]
  ignore line: [gcc version 9.2.1 20200130 (Arch Linux 9.2.1+20200130-2) ]
  ignore line: [COMPILER_PATH=/usr/lib/gcc/x86_64-pc-linux-gnu/9.2.1/:/usr/lib/gcc/x86_64-pc-linux-gnu/9.2.1/:/usr/lib/gcc/x86_64-pc-linux-gnu/:/usr/lib/gcc/x86_64-pc-linux-gnu/9.2.1/:/usr/lib/gcc/x86_64-pc-linux-gnu/]
  ignore line: [LIBRARY_PATH=/usr/lib/gcc/x86_64-pc-linux-gnu/9.2.1/:/usr/lib/gcc/x86_64-pc-linux-gnu/9.2.1/../../../../lib/:/lib/../lib/:/usr/lib/../lib/:/usr/lib/gcc/x86_64-pc-linux-gnu/9.2.1/../../../:/lib/:/usr/lib/]
  ignore line: [COLLECT_GCC_OPTIONS='-v' '-o' 'cmTC_2ba87' '-mtune=generic' '-march=x86-64']
  link line: [ /usr/lib/gcc/x86_64-pc-linux-gnu/9.2.1/collect2 -plugin /usr/lib/gcc/x86_64-pc-linux-gnu/9.2.1/liblto_plugin.so -plugin-opt=/usr/lib/gcc/x86_64-pc-linux-gnu/9.2.1/lto-wrapper -plugin-opt=-fresolution=/tmp/cci0T72K.res -plugin-opt=-pass-through=-lgcc -plugin-opt=-pass-through=-lgcc_s -plugin-opt=-pass-through=-lc -plugin-opt=-pass-through=-lgcc -plugin-opt=-pass-through=-lgcc_s --build-id --eh-frame-hdr --hash-style=gnu -m elf_x86_64 -dynamic-linker /lib64/ld-linux-x86-64.so.2 -pie -o cmTC_2ba87 /usr/lib/gcc/x86_64-pc-linux-gnu/9.2.1/../../../../lib/Scrt1.o /usr/lib/gcc/x86_64-pc-linux-gnu/9.2.1/../../../../lib/crti.o /usr/lib/gcc/x86_64-pc-linux-gnu/9.2.1/crtbeginS.o -L/usr/lib/gcc/x86_64-pc-linux-gnu/9.2.1 -L/usr/lib/gcc/x86_64-pc-linux-gnu/9.2.1/../../../../lib -L/lib/../lib -L/usr/lib/../lib -L/usr/lib/gcc/x86_64-pc-linux-gnu/9.2.1/../../.. CMakeFiles/cmTC_2ba87.dir/CMakeCCompilerABI.c.o -lgcc --push-state --as-needed -lgcc_s --pop-state -lc -lgcc --push-state --as-needed -lgcc_s --pop-state /usr/lib/gcc/x86_64-pc-linux-gnu/9.2.1/crtendS.o /usr/lib/gcc/x86_64-pc-linux-gnu/9.2.1/../../../../lib/crtn.o]
    arg [/usr/lib/gcc/x86_64-pc-linux-gnu/9.2.1/collect2] ==> ignore
    arg [-plugin] ==> ignore
    arg [/usr/lib/gcc/x86_64-pc-linux-gnu/9.2.1/liblto_plugin.so] ==> ignore
    arg [-plugin-opt=/usr/lib/gcc/x86_64-pc-linux-gnu/9.2.1/lto-wrapper] ==> ignore
    arg [-plugin-opt=-fresolution=/tmp/cci0T72K.res] ==> ignore
    arg [-plugin-opt=-pass-through=-lgcc] ==> ignore
    arg [-plugin-opt=-pass-through=-lgcc_s] ==> ignore
    arg [-plugin-opt=-pass-through=-lc] ==> ignore
    arg [-plugin-opt=-pass-through=-lgcc] ==> ignore
    arg [-plugin-opt=-pass-through=-lgcc_s] ==> ignore
    arg [--build-id] ==> ignore
    arg [--eh-frame-hdr] ==> ignore
    arg [--hash-style=gnu] ==> ignore
    arg [-m] ==> ignore
    arg [elf_x86_64] ==> ignore
    arg [-dynamic-linker] ==> ignore
    arg [/lib64/ld-linux-x86-64.so.2] ==> ignore
    arg [-pie] ==> ignore
    arg [-o] ==> ignore
    arg [cmTC_2ba87] ==> ignore
    arg [/usr/lib/gcc/x86_64-pc-linux-gnu/9.2.1/../../../../lib/Scrt1.o] ==> ignore
    arg [/usr/lib/gcc/x86_64-pc-linux-gnu/9.2.1/../../../../lib/crti.o] ==> ignore
    arg [/usr/lib/gcc/x86_64-pc-linux-gnu/9.2.1/crtbeginS.o] ==> ignore
    arg [-L/usr/lib/gcc/x86_64-pc-linux-gnu/9.2.1] ==> dir [/usr/lib/gcc/x86_64-pc-linux-gnu/9.2.1]
    arg [-L/usr/lib/gcc/x86_64-pc-linux-gnu/9.2.1/../../../../lib] ==> dir [/usr/lib/gcc/x86_64-pc-linux-gnu/9.2.1/../../../../lib]
    arg [-L/lib/../lib] ==> dir [/lib/../lib]
    arg [-L/usr/lib/../lib] ==> dir [/usr/lib/../lib]
    arg [-L/usr/lib/gcc/x86_64-pc-linux-gnu/9.2.1/../../..] ==> dir [/usr/lib/gcc/x86_64-pc-linux-gnu/9.2.1/../../..]
    arg [CMakeFiles/cmTC_2ba87.dir/CMakeCCompilerABI.c.o] ==> ignore
    arg [-lgcc] ==> lib [gcc]
    arg [--push-state] ==> ignore
    arg [--as-needed] ==> ignore
    arg [-lgcc_s] ==> lib [gcc_s]
    arg [--pop-state] ==> ignore
    arg [-lc] ==> lib [c]
    arg [-lgcc] ==> lib [gcc]
    arg [--push-state] ==> ignore
    arg [--as-needed] ==> ignore
    arg [-lgcc_s] ==> lib [gcc_s]
    arg [--pop-state] ==> ignore
    arg [/usr/lib/gcc/x86_64-pc-linux-gnu/9.2.1/crtendS.o] ==> ignore
    arg [/usr/lib/gcc/x86_64-pc-linux-gnu/9.2.1/../../../../lib/crtn.o] ==> ignore
  collapse library dir [/usr/lib/gcc/x86_64-pc-linux-gnu/9.2.1] ==> [/usr/lib/gcc/x86_64-pc-linux-gnu/9.2.1]
  collapse library dir [/usr/lib/gcc/x86_64-pc-linux-gnu/9.2.1/../../../../lib] ==> [/usr/lib]
  collapse library dir [/lib/../lib] ==> [/lib]
  collapse library dir [/usr/lib/../lib] ==> [/usr/lib]
  collapse library dir [/usr/lib/gcc/x86_64-pc-linux-gnu/9.2.1/../../..] ==> [/usr/lib]
  implicit libs: [gcc;gcc_s;c;gcc;gcc_s]
  implicit dirs: [/usr/lib/gcc/x86_64-pc-linux-gnu/9.2.1;/usr/lib;/lib]
  implicit fwks: []


Determining if the CXX compiler works passed with the following output:
Change Dir: /home/laura/Documents/course_os/CMakeFiles/CMakeTmp

Run Build Command(s):/usr/bin/make cmTC_ce230/fast && /usr/bin/make -f CMakeFiles/cmTC_ce230.dir/build.make CMakeFiles/cmTC_ce230.dir/build
make[1]: Entering directory '/home/laura/Documents/course_os/CMakeFiles/CMakeTmp'
Building CXX object CMakeFiles/cmTC_ce230.dir/testCXXCompiler.cxx.o
/usr/bin/c++     -o CMakeFiles/cmTC_ce230.dir/testCXXCompiler.cxx.o -c /home/laura/Documents/course_os/CMakeFiles/CMakeTmp/testCXXCompiler.cxx
Linking CXX executable cmTC_ce230
/usr/bin/cmake -E cmake_link_script CMakeFiles/cmTC_ce230.dir/link.txt --verbose=1
/usr/bin/c++       CMakeFiles/cmTC_ce230.dir/testCXXCompiler.cxx.o  -o cmTC_ce230 
make[1]: Leaving directory '/home/laura/Documents/course_os/CMakeFiles/CMakeTmp'



Detecting CXX compiler ABI info compiled with the following output:
Change Dir: /home/laura/Documents/course_os/CMakeFiles/CMakeTmp

Run Build Command(s):/usr/bin/make cmTC_a888a/fast && /usr/bin/make -f CMakeFiles/cmTC_a888a.dir/build.make CMakeFiles/cmTC_a888a.dir/build
make[1]: Entering directory '/home/laura/Documents/course_os/CMakeFiles/CMakeTmp'
Building CXX object CMakeFiles/cmTC_a888a.dir/CMakeCXXCompilerABI.cpp.o
/usr/bin/c++    -v -o CMakeFiles/cmTC_a888a.dir/CMakeCXXCompilerABI.cpp.o -c /usr/share/cmake-3.16/Modules/CMakeCXXCompilerABI.cpp
Using built-in specs.
COLLECT_GCC=/usr/bin/c++
Target: x86_64-pc-linux-gnu
Configured with: /build/gcc/src/gcc/configure --prefix=/usr --libdir=/usr/lib --libexecdir=/usr/lib --mandir=/usr/share/man --infodir=/usr/share/info --with-pkgversion='Arch Linux 9.2.1+20200130-2' --with-bugurl=https://bugs.archlinux.org/ --enable-languages=c,c++,ada,fortran,go,lto,objc,obj-c++,d --enable-shared --enable-threads=posix --with-system-zlib --with-isl --enable-__cxa_atexit --disable-libunwind-exceptions --enable-clocale=gnu --disable-libstdcxx-pch --disable-libssp --enable-gnu-unique-object --enable-linker-build-id --enable-lto --enable-plugin --enable-install-libiberty --with-linker-hash-style=gnu --enable-gnu-indirect-function --enable-multilib --disable-werror --enable-checking=release --enable-default-pie --enable-default-ssp --enable-cet=auto gdc_include_dir=/usr/include/dlang/gdc
Thread model: posix
gcc version 9.2.1 20200130 (Arch Linux 9.2.1+20200130-2) 
COLLECT_GCC_OPTIONS='-v' '-o' 'CMakeFiles/cmTC_a888a.dir/CMakeCXXCompilerABI.cpp.o' '-c' '-shared-libgcc' '-mtune=generic' '-march=x86-64'
 /usr/lib/gcc/x86_64-pc-linux-gnu/9.2.1/cc1plus -quiet -v -D_GNU_SOURCE /usr/share/cmake-3.16/Modules/CMakeCXXCompilerABI.cpp -quiet -dumpbase CMakeCXXCompilerABI.cpp -mtune=generic -march=x86-64 -auxbase-strip CMakeFiles/cmTC_a888a.dir/CMakeCXXCompilerABI.cpp.o -version -o /tmp/ccrfcLuZ.s
GNU C++14 (Arch Linux 9.2.1+20200130-2) version 9.2.1 20200130 (x86_64-pc-linux-gnu)
	compiled by GNU C version 9.2.1 20200130, GMP version 6.2.0, MPFR version 4.0.2, MPC version 1.1.0, isl version isl-0.21-GMP

GGC heuristics: --param ggc-min-expand=100 --param ggc-min-heapsize=131072
ignoring nonexistent directory "/usr/lib/gcc/x86_64-pc-linux-gnu/9.2.1/../../../../x86_64-pc-linux-gnu/include"
#include "..." search starts here:
#include <...> search starts here:
 /usr/lib/gcc/x86_64-pc-linux-gnu/9.2.1/../../../../include/c++/9.2.1
 /usr/lib/gcc/x86_64-pc-linux-gnu/9.2.1/../../../../include/c++/9.2.1/x86_64-pc-linux-gnu
 /usr/lib/gcc/x86_64-pc-linux-gnu/9.2.1/../../../../include/c++/9.2.1/backward
 /usr/lib/gcc/x86_64-pc-linux-gnu/9.2.1/include
 /usr/local/include
 /usr/lib/gcc/x86_64-pc-linux-gnu/9.2.1/include-fixed
 /usr/include
End of search list.
GNU C++14 (Arch Linux 9.2.1+20200130-2) version 9.2.1 20200130 (x86_64-pc-linux-gnu)
	compiled by GNU C version 9.2.1 20200130, GMP version 6.2.0, MPFR version 4.0.2, MPC version 1.1.0, isl version isl-0.21-GMP

GGC heuristics: --param ggc-min-expand=100 --param ggc-min-heapsize=131072
Compiler executable checksum: 0f98914bc20ceba8208e51da5fb8e41a
COLLECT_GCC_OPTIONS='-v' '-o' 'CMakeFiles/cmTC_a888a.dir/CMakeCXXCompilerABI.cpp.o' '-c' '-shared-libgcc' '-mtune=generic' '-march=x86-64'
 as -v --64 -o CMakeFiles/cmTC_a888a.dir/CMakeCXXCompilerABI.cpp.o /tmp/ccrfcLuZ.s
GNU assembler version 2.34 (x86_64-pc-linux-gnu) using BFD version (GNU Binutils) 2.34
COMPILER_PATH=/usr/lib/gcc/x86_64-pc-linux-gnu/9.2.1/:/usr/lib/gcc/x86_64-pc-linux-gnu/9.2.1/:/usr/lib/gcc/x86_64-pc-linux-gnu/:/usr/lib/gcc/x86_64-pc-linux-gnu/9.2.1/:/usr/lib/gcc/x86_64-pc-linux-gnu/
LIBRARY_PATH=/usr/lib/gcc/x86_64-pc-linux-gnu/9.2.1/:/usr/lib/gcc/x86_64-pc-linux-gnu/9.2.1/../../../../lib/:/lib/../lib/:/usr/lib/../lib/:/usr/lib/gcc/x86_64-pc-linux-gnu/9.2.1/../../../:/lib/:/usr/lib/
COLLECT_GCC_OPTIONS='-v' '-o' 'CMakeFiles/cmTC_a888a.dir/CMakeCXXCompilerABI.cpp.o' '-c' '-shared-libgcc' '-mtune=generic' '-march=x86-64'
Linking CXX executable cmTC_a888a
/usr/bin/cmake -E cmake_link_script CMakeFiles/cmTC_a888a.dir/link.txt --verbose=1
/usr/bin/c++      -v CMakeFiles/cmTC_a888a.dir/CMakeCXXCompilerABI.cpp.o  -o cmTC_a888a 
Using built-in specs.
COLLECT_GCC=/usr/bin/c++
COLLECT_LTO_WRAPPER=/usr/lib/gcc/x86_64-pc-linux-gnu/9.2.1/lto-wrapper
Target: x86_64-pc-linux-gnu
Configured with: /build/gcc/src/gcc/configure --prefix=/usr --libdir=/usr/lib --libexecdir=/usr/lib --mandir=/usr/share/man --infodir=/usr/share/info --with-pkgversion='Arch Linux 9.2.1+20200130-2' --with-bugurl=https://bugs.archlinux.org/ --enable-languages=c,c++,ada,fortran,go,lto,objc,obj-c++,d --enable-shared --enable-threads=posix --with-system-zlib --with-isl --enable-__cxa_atexit --disable-libunwind-exceptions --enable-clocale=gnu --disable-libstdcxx-pch --disable-libssp --enable-gnu-unique-object --enable-linker-build-id --enable-lto --enable-plugin --enable-install-libiberty --with-linker-hash-style=gnu --enable-gnu-indirect-function --enable-multilib --disable-werror --enable-checking=release --enable-default-pie --enable-default-ssp --enable-cet=auto gdc_include_dir=/usr/include/dlang/gdc
Thread model: posix
gcc version 9.2.1 20200130 (Arch Linux 9.2.1+20200130-2) 
COMPILER_PATH=/usr/lib/gcc/x86_64-pc-linux-gnu/9.2.1/:/usr/lib/gcc/x86_64-pc-linux-gnu/9.2.1/:/usr/lib/gcc/x86_64-pc-linux-gnu/:/usr/lib/gcc/x86_64-pc-linux-gnu/9.2.1/:/usr/lib/gcc/x86_64-pc-linux-gnu/
LIBRARY_PATH=/usr/lib/gcc/x86_64-pc-linux-gnu/9.2.1/:/usr/lib/gcc/x86_64-pc-linux-gnu/9.2.1/../../../../lib/:/lib/../lib/:/usr/lib/../lib/:/usr/lib/gcc/x86_64-pc-linux-gnu/9.2.1/../../../:/lib/:/usr/lib/
COLLECT_GCC_OPTIONS='-v' '-o' 'cmTC_a888a' '-shared-libgcc' '-mtune=generic' '-march=x86-64'
 /usr/lib/gcc/x86_64-pc-linux-gnu/9.2.1/collect2 -plugin /usr/lib/gcc/x86_64-pc-linux-gnu/9.2.1/liblto_plugin.so -plugin-opt=/usr/lib/gcc/x86_64-pc-linux-gnu/9.2.1/lto-wrapper -plugin-opt=-fresolution=/tmp/ccC0ncQp.res -plugin-opt=-pass-through=-lgcc_s -plugin-opt=-pass-through=-lgcc -plugin-opt=-pass-through=-lc -plugin-opt=-pass-through=-lgcc_s -plugin-opt=-pass-through=-lgcc --build-id --eh-frame-hdr --hash-style=gnu -m elf_x86_64 -dynamic-linker /lib64/ld-linux-x86-64.so.2 -pie -o cmTC_a888a /usr/lib/gcc/x86_64-pc-linux-gnu/9.2.1/../../../../lib/Scrt1.o /usr/lib/gcc/x86_64-pc-linux-gnu/9.2.1/../../../../lib/crti.o /usr/lib/gcc/x86_64-pc-linux-gnu/9.2.1/crtbeginS.o -L/usr/lib/gcc/x86_64-pc-linux-gnu/9.2.1 -L/usr/lib/gcc/x86_64-pc-linux-gnu/9.2.1/../../../../lib -L/lib/../lib -L/usr/lib/../lib -L/usr/lib/gcc/x86_64-pc-linux-gnu/9.2.1/../../.. CMakeFiles/cmTC_a888a.dir/CMakeCXXCompilerABI.cpp.o -lstdc++ -lm -lgcc_s -lgcc -lc -lgcc_s -lgcc /usr/lib/gcc/x86_64-pc-linux-gnu/9.2.1/crtendS.o /usr/lib/gcc/x86_64-pc-linux-gnu/9.2.1/../../../../lib/crtn.o
COLLECT_GCC_OPTIONS='-v' '-o' 'cmTC_a888a' '-shared-libgcc' '-mtune=generic' '-march=x86-64'
make[1]: Leaving directory '/home/laura/Documents/course_os/CMakeFiles/CMakeTmp'



Parsed CXX implicit include dir info from above output: rv=done
  found start of include info
  found start of implicit include info
    add: [/usr/lib/gcc/x86_64-pc-linux-gnu/9.2.1/../../../../include/c++/9.2.1]
    add: [/usr/lib/gcc/x86_64-pc-linux-gnu/9.2.1/../../../../include/c++/9.2.1/x86_64-pc-linux-gnu]
    add: [/usr/lib/gcc/x86_64-pc-linux-gnu/9.2.1/../../../../include/c++/9.2.1/backward]
    add: [/usr/lib/gcc/x86_64-pc-linux-gnu/9.2.1/include]
    add: [/usr/local/include]
    add: [/usr/lib/gcc/x86_64-pc-linux-gnu/9.2.1/include-fixed]
    add: [/usr/include]
  end of search list found
  collapse include dir [/usr/lib/gcc/x86_64-pc-linux-gnu/9.2.1/../../../../include/c++/9.2.1] ==> [/usr/include/c++/9.2.1]
  collapse include dir [/usr/lib/gcc/x86_64-pc-linux-gnu/9.2.1/../../../../include/c++/9.2.1/x86_64-pc-linux-gnu] ==> [/usr/include/c++/9.2.1/x86_64-pc-linux-gnu]
  collapse include dir [/usr/lib/gcc/x86_64-pc-linux-gnu/9.2.1/../../../../include/c++/9.2.1/backward] ==> [/usr/include/c++/9.2.1/backward]
  collapse include dir [/usr/lib/gcc/x86_64-pc-linux-gnu/9.2.1/include] ==> [/usr/lib/gcc/x86_64-pc-linux-gnu/9.2.1/include]
  collapse include dir [/usr/local/include] ==> [/usr/local/include]
  collapse include dir [/usr/lib/gcc/x86_64-pc-linux-gnu/9.2.1/include-fixed] ==> [/usr/lib/gcc/x86_64-pc-linux-gnu/9.2.1/include-fixed]
  collapse include dir [/usr/include] ==> [/usr/include]
  implicit include dirs: [/usr/include/c++/9.2.1;/usr/include/c++/9.2.1/x86_64-pc-linux-gnu;/usr/include/c++/9.2.1/backward;/usr/lib/gcc/x86_64-pc-linux-gnu/9.2.1/include;/usr/local/include;/usr/lib/gcc/x86_64-pc-linux-gnu/9.2.1/include-fixed;/usr/include]


Parsed CXX implicit link information from above output:
  link line regex: [^( *|.*[/\])(ld|CMAKE_LINK_STARTFILE-NOTFOUND|([^/\]+-)?ld|collect2)[^/\]*( |$)]
  ignore line: [Change Dir: /home/laura/Documents/course_os/CMakeFiles/CMakeTmp]
  ignore line: []
  ignore line: [Run Build Command(s):/usr/bin/make cmTC_a888a/fast && /usr/bin/make -f CMakeFiles/cmTC_a888a.dir/build.make CMakeFiles/cmTC_a888a.dir/build]
  ignore line: [make[1]: Entering directory '/home/laura/Documents/course_os/CMakeFiles/CMakeTmp']
  ignore line: [Building CXX object CMakeFiles/cmTC_a888a.dir/CMakeCXXCompilerABI.cpp.o]
  ignore line: [/usr/bin/c++    -v -o CMakeFiles/cmTC_a888a.dir/CMakeCXXCompilerABI.cpp.o -c /usr/share/cmake-3.16/Modules/CMakeCXXCompilerABI.cpp]
  ignore line: [Using built-in specs.]
  ignore line: [COLLECT_GCC=/usr/bin/c++]
  ignore line: [Target: x86_64-pc-linux-gnu]
  ignore line: [Configured with: /build/gcc/src/gcc/configure --prefix=/usr --libdir=/usr/lib --libexecdir=/usr/lib --mandir=/usr/share/man --infodir=/usr/share/info --with-pkgversion='Arch Linux 9.2.1+20200130-2' --with-bugurl=https://bugs.archlinux.org/ --enable-languages=c c++ ada fortran go lto objc obj-c++ d --enable-shared --enable-threads=posix --with-system-zlib --with-isl --enable-__cxa_atexit --disable-libunwind-exceptions --enable-clocale=gnu --disable-libstdcxx-pch --disable-libssp --enable-gnu-unique-object --enable-linker-build-id --enable-lto --enable-plugin --enable-install-libiberty --with-linker-hash-style=gnu --enable-gnu-indirect-function --enable-multilib --disable-werror --enable-checking=release --enable-default-pie --enable-default-ssp --enable-cet=auto gdc_include_dir=/usr/include/dlang/gdc]
  ignore line: [Thread model: posix]
  ignore line: [gcc version 9.2.1 20200130 (Arch Linux 9.2.1+20200130-2) ]
  ignore line: [COLLECT_GCC_OPTIONS='-v' '-o' 'CMakeFiles/cmTC_a888a.dir/CMakeCXXCompilerABI.cpp.o' '-c' '-shared-libgcc' '-mtune=generic' '-march=x86-64']
  ignore line: [ /usr/lib/gcc/x86_64-pc-linux-gnu/9.2.1/cc1plus -quiet -v -D_GNU_SOURCE /usr/share/cmake-3.16/Modules/CMakeCXXCompilerABI.cpp -quiet -dumpbase CMakeCXXCompilerABI.cpp -mtune=generic -march=x86-64 -auxbase-strip CMakeFiles/cmTC_a888a.dir/CMakeCXXCompilerABI.cpp.o -version -o /tmp/ccrfcLuZ.s]
  ignore line: [GNU C++14 (Arch Linux 9.2.1+20200130-2) version 9.2.1 20200130 (x86_64-pc-linux-gnu)]
  ignore line: [	compiled by GNU C version 9.2.1 20200130  GMP version 6.2.0  MPFR version 4.0.2  MPC version 1.1.0  isl version isl-0.21-GMP]
  ignore line: []
  ignore line: [GGC heuristics: --param ggc-min-expand=100 --param ggc-min-heapsize=131072]
  ignore line: [ignoring nonexistent directory "/usr/lib/gcc/x86_64-pc-linux-gnu/9.2.1/../../../../x86_64-pc-linux-gnu/include"]
  ignore line: [#include "..." search starts here:]
  ignore line: [#include <...> search starts here:]
  ignore line: [ /usr/lib/gcc/x86_64-pc-linux-gnu/9.2.1/../../../../include/c++/9.2.1]
  ignore line: [ /usr/lib/gcc/x86_64-pc-linux-gnu/9.2.1/../../../../include/c++/9.2.1/x86_64-pc-linux-gnu]
  ignore line: [ /usr/lib/gcc/x86_64-pc-linux-gnu/9.2.1/../../../../include/c++/9.2.1/backward]
  ignore line: [ /usr/lib/gcc/x86_64-pc-linux-gnu/9.2.1/include]
  ignore line: [ /usr/local/include]
  ignore line: [ /usr/lib/gcc/x86_64-pc-linux-gnu/9.2.1/include-fixed]
  ignore line: [ /usr/include]
  ignore line: [End of search list.]
  ignore line: [GNU C++14 (Arch Linux 9.2.1+20200130-2) version 9.2.1 20200130 (x86_64-pc-linux-gnu)]
  ignore line: [	compiled by GNU C version 9.2.1 20200130  GMP version 6.2.0  MPFR version 4.0.2  MPC version 1.1.0  isl version isl-0.21-GMP]
  ignore line: []
  ignore line: [GGC heuristics: --param ggc-min-expand=100 --param ggc-min-heapsize=131072]
  ignore line: [Compiler executable checksum: 0f98914bc20ceba8208e51da5fb8e41a]
  ignore line: [COLLECT_GCC_OPTIONS='-v' '-o' 'CMakeFiles/cmTC_a888a.dir/CMakeCXXCompilerABI.cpp.o' '-c' '-shared-libgcc' '-mtune=generic' '-march=x86-64']
  ignore line: [ as -v --64 -o CMakeFiles/cmTC_a888a.dir/CMakeCXXCompilerABI.cpp.o /tmp/ccrfcLuZ.s]
  ignore line: [GNU assembler version 2.34 (x86_64-pc-linux-gnu) using BFD version (GNU Binutils) 2.34]
  ignore line: [COMPILER_PATH=/usr/lib/gcc/x86_64-pc-linux-gnu/9.2.1/:/usr/lib/gcc/x86_64-pc-linux-gnu/9.2.1/:/usr/lib/gcc/x86_64-pc-linux-gnu/:/usr/lib/gcc/x86_64-pc-linux-gnu/9.2.1/:/usr/lib/gcc/x86_64-pc-linux-gnu/]
  ignore line: [LIBRARY_PATH=/usr/lib/gcc/x86_64-pc-linux-gnu/9.2.1/:/usr/lib/gcc/x86_64-pc-linux-gnu/9.2.1/../../../../lib/:/lib/../lib/:/usr/lib/../lib/:/usr/lib/gcc/x86_64-pc-linux-gnu/9.2.1/../../../:/lib/:/usr/lib/]
  ignore line: [COLLECT_GCC_OPTIONS='-v' '-o' 'CMakeFiles/cmTC_a888a.dir/CMakeCXXCompilerABI.cpp.o' '-c' '-shared-libgcc' '-mtune=generic' '-march=x86-64']
  ignore line: [Linking CXX executable cmTC_a888a]
  ignore line: [/usr/bin/cmake -E cmake_link_script CMakeFiles/cmTC_a888a.dir/link.txt --verbose=1]
  ignore line: [/usr/bin/c++      -v CMakeFiles/cmTC_a888a.dir/CMakeCXXCompilerABI.cpp.o  -o cmTC_a888a ]
  ignore line: [Using built-in specs.]
  ignore line: [COLLECT_GCC=/usr/bin/c++]
  ignore line: [COLLECT_LTO_WRAPPER=/usr/lib/gcc/x86_64-pc-linux-gnu/9.2.1/lto-wrapper]
  ignore line: [Target: x86_64-pc-linux-gnu]
  ignore line: [Configured with: /build/gcc/src/gcc/configure --prefix=/usr --libdir=/usr/lib --libexecdir=/usr/lib --mandir=/usr/share/man --infodir=/usr/share/info --with-pkgversion='Arch Linux 9.2.1+20200130-2' --with-bugurl=https://bugs.archlinux.org/ --enable-languages=c c++ ada fortran go lto objc obj-c++ d --enable-shared --enable-threads=posix --with-system-zlib --with-isl --enable-__cxa_atexit --disable-libunwind-exceptions --enable-clocale=gnu --disable-libstdcxx-pch --disable-libssp --enable-gnu-unique-object --enable-linker-build-id --enable-lto --enable-plugin --enable-install-libiberty --with-linker-hash-style=gnu --enable-gnu-indirect-function --enable-multilib --disable-werror --enable-checking=release --enable-default-pie --enable-default-ssp --enable-cet=auto gdc_include_dir=/usr/include/dlang/gdc]
  ignore line: [Thread model: posix]
  ignore line: [gcc version 9.2.1 20200130 (Arch Linux 9.2.1+20200130-2) ]
  ignore line: [COMPILER_PATH=/usr/lib/gcc/x86_64-pc-linux-gnu/9.2.1/:/usr/lib/gcc/x86_64-pc-linux-gnu/9.2.1/:/usr/lib/gcc/x86_64-pc-linux-gnu/:/usr/lib/gcc/x86_64-pc-linux-gnu/9.2.1/:/usr/lib/gcc/x86_64-pc-linux-gnu/]
  ignore line: [LIBRARY_PATH=/usr/lib/gcc/x86_64-pc-linux-gnu/9.2.1/:/usr/lib/gcc/x86_64-pc-linux-gnu/9.2.1/../../../../lib/:/lib/../lib/:/usr/lib/../lib/:/usr/lib/gcc/x86_64-pc-linux-gnu/9.2.1/../../../:/lib/:/usr/lib/]
  ignore line: [COLLECT_GCC_OPTIONS='-v' '-o' 'cmTC_a888a' '-shared-libgcc' '-mtune=generic' '-march=x86-64']
  link line: [ /usr/lib/gcc/x86_64-pc-linux-gnu/9.2.1/collect2 -plugin /usr/lib/gcc/x86_64-pc-linux-gnu/9.2.1/liblto_plugin.so -plugin-opt=/usr/lib/gcc/x86_64-pc-linux-gnu/9.2.1/lto-wrapper -plugin-opt=-fresolution=/tmp/ccC0ncQp.res -plugin-opt=-pass-through=-lgcc_s -plugin-opt=-pass-through=-lgcc -plugin-opt=-pass-through=-lc -plugin-opt=-pass-through=-lgcc_s -plugin-opt=-pass-through=-lgcc --build-id --eh-frame-hdr --hash-style=gnu -m elf_x86_64 -dynamic-linker /lib64/ld-linux-x86-64.so.2 -pie -o cmTC_a888a /usr/lib/gcc/x86_64-pc-linux-gnu/9.2.1/../../../../lib/Scrt1.o /usr/lib/gcc/x86_64-pc-linux-gnu/9.2.1/../../../../lib/crti.o /usr/lib/gcc/x86_64-pc-linux-gnu/9.2.1/crtbeginS.o -L/usr/lib/gcc/x86_64-pc-linux-gnu/9.2.1 -L/usr/lib/gcc/x86_64-pc-linux-gnu/9.2.1/../../../../lib -L/lib/../lib -L/usr/lib/../lib -L/usr/lib/gcc/x86_64-pc-linux-gnu/9.2.1/../../.. CMakeFiles/cmTC_a888a.dir/CMakeCXXCompilerABI.cpp.o -lstdc++ -lm -lgcc_s -lgcc -lc -lgcc_s -lgcc /usr/lib/gcc/x86_64-pc-linux-gnu/9.2.1/crtendS.o /usr/lib/gcc/x86_64-pc-linux-gnu/9.2.1/../../../../lib/crtn.o]
    arg [/usr/lib/gcc/x86_64-pc-linux-gnu/9.2.1/collect2] ==> ignore
    arg [-plugin] ==> ignore
    arg [/usr/lib/gcc/x86_64-pc-linux-gnu/9.2.1/liblto_plugin.so] ==> ignore
    arg [-plugin-opt=/usr/lib/gcc/x86_64-pc-linux-gnu/9.2.1/lto-wrapper] ==> ignore
    arg [-plugin-opt=-fresolution=/tmp/ccC0ncQp.res] ==> ignore
    arg [-plugin-opt=-pass-through=-lgcc_s] ==> ignore
    arg [-plugin-opt=-pass-through=-lgcc] ==> ignore
    arg [-plugin-opt=-pass-through=-lc] ==> ignore
    arg [-plugin-opt=-pass-through=-lgcc_s] ==> ignore
    arg [-plugin-opt=-pass-through=-lgcc] ==> ignore
    arg [--build-id] ==> ignore
    arg [--eh-frame-hdr] ==> ignore
    arg [--hash-style=gnu] ==> ignore
    arg [-m] ==> ignore
    arg [elf_x86_64] ==> ignore
    arg [-dynamic-linker] ==> ignore
    arg [/lib64/ld-linux-x86-64.so.2] ==> ignore
    arg [-pie] ==> ignore
    arg [-o] ==> ignore
    arg [cmTC_a888a] ==> ignore
    arg [/usr/lib/gcc/x86_64-pc-linux-gnu/9.2.1/../../../../lib/Scrt1.o] ==> ignore
    arg [/usr/lib/gcc/x86_64-pc-linux-gnu/9.2.1/../../../../lib/crti.o] ==> ignore
    arg [/usr/lib/gcc/x86_64-pc-linux-gnu/9.2.1/crtbeginS.o] ==> ignore
    arg [-L/usr/lib/gcc/x86_64-pc-linux-gnu/9.2.1] ==> dir [/usr/lib/gcc/x86_64-pc-linux-gnu/9.2.1]
    arg [-L/usr/lib/gcc/x86_64-pc-linux-gnu/9.2.1/../../../../lib] ==> dir [/usr/lib/gcc/x86_64-pc-linux-gnu/9.2.1/../../../../lib]
    arg [-L/lib/../lib] ==> dir [/lib/../lib]
    arg [-L/usr/lib/../lib] ==> dir [/usr/lib/../lib]
    arg [-L/usr/lib/gcc/x86_64-pc-linux-gnu/9.2.1/../../..] ==> dir [/usr/lib/gcc/x86_64-pc-linux-gnu/9.2.1/../../..]
    arg [CMakeFiles/cmTC_a888a.dir/CMakeCXXCompilerABI.cpp.o] ==> ignore
    arg [-lstdc++] ==> lib [stdc++]
    arg [-lm] ==> lib [m]
    arg [-lgcc_s] ==> lib [gcc_s]
    arg [-lgcc] ==> lib [gcc]
    arg [-lc] ==> lib [c]
    arg [-lgcc_s] ==> lib [gcc_s]
    arg [-lgcc] ==> lib [gcc]
    arg [/usr/lib/gcc/x86_64-pc-linux-gnu/9.2.1/crtendS.o] ==> ignore
    arg [/usr/lib/gcc/x86_64-pc-linux-gnu/9.2.1/../../../../lib/crtn.o] ==> ignore
  collapse library dir [/usr/lib/gcc/x86_64-pc-linux-gnu/9.2.1] ==> [/usr/lib/gcc/x86_64-pc-linux-gnu/9.2.1]
  collapse library dir [/usr/lib/gcc/x86_64-pc-linux-gnu/9.2.1/../../../../lib] ==> [/usr/lib]
  collapse library dir [/lib/../lib] ==> [/lib]
  collapse library dir [/usr/lib/../lib] ==> [/usr/lib]
  collapse library dir [/usr/lib/gcc/x86_64-pc-linux-gnu/9.2.1/../../..] ==> [/usr/lib]
  implicit libs: [stdc++;m;gcc_s;gcc;c;gcc_s;gcc]
  implicit dirs: [/usr/lib/gcc/x86_64-pc-linux-gnu/9.2.1;/usr/lib;/lib]
  implicit fwks: []


The system is: Linux - 5.5.8-arch1-1 - x86_64
Compiling the C compiler identification source file "CMakeCCompilerId.c" succeeded.
Compiler: /usr/bin/cc 
Build flags: 
Id flags:  

The output was:
0


Compilation of the C compiler identification source "CMakeCCompilerId.c" produced "a.out"

The C compiler identification is GNU, found in "/home/laura/Documents/course_os/CMakeFiles/3.15.3/CompilerIdC/a.out"

Compiling the CXX compiler identification source file "CMakeCXXCompilerId.cpp" succeeded.
Compiler: /usr/bin/c++ 
Build flags: 
Id flags:  

The output was:
0


Compilation of the CXX compiler identification source "CMakeCXXCompilerId.cpp" produced "a.out"

The CXX compiler identification is GNU, found in "/home/laura/Documents/course_os/CMakeFiles/3.15.3/CompilerIdCXX/a.out"

Determining if the C compiler works passed with the following output:
Change Dir: /home/laura/Documents/course_os/CMakeFiles/CMakeTmp

Run Build Command(s):/usr/bin/make cmTC_adc2f/fast && /usr/bin/make -f CMakeFiles/cmTC_adc2f.dir/build.make CMakeFiles/cmTC_adc2f.dir/build
make[1]: Entering directory '/home/laura/Documents/course_os/CMakeFiles/CMakeTmp'
Building C object CMakeFiles/cmTC_adc2f.dir/testCCompiler.c.o
/usr/bin/cc    -o CMakeFiles/cmTC_adc2f.dir/testCCompiler.c.o   -c /home/laura/Documents/course_os/CMakeFiles/CMakeTmp/testCCompiler.c
Linking C executable cmTC_adc2f
/home/laura/.local/share/JetBrains/Toolbox/apps/CLion/ch-0/193.5233.103/bin/cmake/linux/bin/cmake -E cmake_link_script CMakeFiles/cmTC_adc2f.dir/link.txt --verbose=1
/usr/bin/cc      CMakeFiles/cmTC_adc2f.dir/testCCompiler.c.o  -o cmTC_adc2f 
make[1]: Leaving directory '/home/laura/Documents/course_os/CMakeFiles/CMakeTmp'



Detecting C compiler ABI info compiled with the following output:
Change Dir: /home/laura/Documents/course_os/CMakeFiles/CMakeTmp

Run Build Command(s):/usr/bin/make cmTC_ae5be/fast && /usr/bin/make -f CMakeFiles/cmTC_ae5be.dir/build.make CMakeFiles/cmTC_ae5be.dir/build
make[1]: Entering directory '/home/laura/Documents/course_os/CMakeFiles/CMakeTmp'
Building C object CMakeFiles/cmTC_ae5be.dir/CMakeCCompilerABI.c.o
/usr/bin/cc   -v -o CMakeFiles/cmTC_ae5be.dir/CMakeCCompilerABI.c.o   -c /home/laura/.local/share/JetBrains/Toolbox/apps/CLion/ch-0/193.5233.103/bin/cmake/linux/share/cmake-3.15/Modules/CMakeCCompilerABI.c
Using built-in specs.
COLLECT_GCC=/usr/bin/cc
Target: x86_64-pc-linux-gnu
Configured with: /build/gcc/src/gcc/configure --prefix=/usr --libdir=/usr/lib --libexecdir=/usr/lib --mandir=/usr/share/man --infodir=/usr/share/info --with-pkgversion='Arch Linux 9.2.1+20200130-2' --with-bugurl=https://bugs.archlinux.org/ --enable-languages=c,c++,ada,fortran,go,lto,objc,obj-c++,d --enable-shared --enable-threads=posix --with-system-zlib --with-isl --enable-__cxa_atexit --disable-libunwind-exceptions --enable-clocale=gnu --disable-libstdcxx-pch --disable-libssp --enable-gnu-unique-object --enable-linker-build-id --enable-lto --enable-plugin --enable-install-libiberty --with-linker-hash-style=gnu --enable-gnu-indirect-function --enable-multilib --disable-werror --enable-checking=release --enable-default-pie --enable-default-ssp --enable-cet=auto gdc_include_dir=/usr/include/dlang/gdc
Thread model: posix
gcc version 9.2.1 20200130 (Arch Linux 9.2.1+20200130-2) 
COLLECT_GCC_OPTIONS='-v' '-o' 'CMakeFiles/cmTC_ae5be.dir/CMakeCCompilerABI.c.o' '-c' '-mtune=generic' '-march=x86-64'
 /usr/lib/gcc/x86_64-pc-linux-gnu/9.2.1/cc1 -quiet -v /home/laura/.local/share/JetBrains/Toolbox/apps/CLion/ch-0/193.5233.103/bin/cmake/linux/share/cmake-3.15/Modules/CMakeCCompilerABI.c -quiet -dumpbase CMakeCCompilerABI.c -mtune=generic -march=x86-64 -auxbase-strip CMakeFiles/cmTC_ae5be.dir/CMakeCCompilerABI.c.o -version -o /tmp/cc6LCKZz.s
GNU C17 (Arch Linux 9.2.1+20200130-2) version 9.2.1 20200130 (x86_64-pc-linux-gnu)
	compiled by GNU C version 9.2.1 20200130, GMP version 6.2.0, MPFR version 4.0.2, MPC version 1.1.0, isl version isl-0.21-GMP

GGC heuristics: --param ggc-min-expand=100 --param ggc-min-heapsize=131072
ignoring nonexistent directory "/usr/lib/gcc/x86_64-pc-linux-gnu/9.2.1/../../../../x86_64-pc-linux-gnu/include"
#include "..." search starts here:
#include <...> search starts here:
 /usr/lib/gcc/x86_64-pc-linux-gnu/9.2.1/include
 /usr/local/include
 /usr/lib/gcc/x86_64-pc-linux-gnu/9.2.1/include-fixed
 /usr/include
End of search list.
GNU C17 (Arch Linux 9.2.1+20200130-2) version 9.2.1 20200130 (x86_64-pc-linux-gnu)
	compiled by GNU C version 9.2.1 20200130, GMP version 6.2.0, MPFR version 4.0.2, MPC version 1.1.0, isl version isl-0.21-GMP

GGC heuristics: --param ggc-min-expand=100 --param ggc-min-heapsize=131072
Compiler executable checksum: 3aaa94857c123f2071b8be0d161ad9fe
COLLECT_GCC_OPTIONS='-v' '-o' 'CMakeFiles/cmTC_ae5be.dir/CMakeCCompilerABI.c.o' '-c' '-mtune=generic' '-march=x86-64'
 as -v --64 -o CMakeFiles/cmTC_ae5be.dir/CMakeCCompilerABI.c.o /tmp/cc6LCKZz.s
GNU assembler version 2.34 (x86_64-pc-linux-gnu) using BFD version (GNU Binutils) 2.34
COMPILER_PATH=/usr/lib/gcc/x86_64-pc-linux-gnu/9.2.1/:/usr/lib/gcc/x86_64-pc-linux-gnu/9.2.1/:/usr/lib/gcc/x86_64-pc-linux-gnu/:/usr/lib/gcc/x86_64-pc-linux-gnu/9.2.1/:/usr/lib/gcc/x86_64-pc-linux-gnu/
LIBRARY_PATH=/usr/lib/gcc/x86_64-pc-linux-gnu/9.2.1/:/usr/lib/gcc/x86_64-pc-linux-gnu/9.2.1/../../../../lib/:/lib/../lib/:/usr/lib/../lib/:/usr/lib/gcc/x86_64-pc-linux-gnu/9.2.1/../../../:/lib/:/usr/lib/
COLLECT_GCC_OPTIONS='-v' '-o' 'CMakeFiles/cmTC_ae5be.dir/CMakeCCompilerABI.c.o' '-c' '-mtune=generic' '-march=x86-64'
Linking C executable cmTC_ae5be
/home/laura/.local/share/JetBrains/Toolbox/apps/CLion/ch-0/193.5233.103/bin/cmake/linux/bin/cmake -E cmake_link_script CMakeFiles/cmTC_ae5be.dir/link.txt --verbose=1
/usr/bin/cc     -v CMakeFiles/cmTC_ae5be.dir/CMakeCCompilerABI.c.o  -o cmTC_ae5be 
Using built-in specs.
COLLECT_GCC=/usr/bin/cc
COLLECT_LTO_WRAPPER=/usr/lib/gcc/x86_64-pc-linux-gnu/9.2.1/lto-wrapper
Target: x86_64-pc-linux-gnu
Configured with: /build/gcc/src/gcc/configure --prefix=/usr --libdir=/usr/lib --libexecdir=/usr/lib --mandir=/usr/share/man --infodir=/usr/share/info --with-pkgversion='Arch Linux 9.2.1+20200130-2' --with-bugurl=https://bugs.archlinux.org/ --enable-languages=c,c++,ada,fortran,go,lto,objc,obj-c++,d --enable-shared --enable-threads=posix --with-system-zlib --with-isl --enable-__cxa_atexit --disable-libunwind-exceptions --enable-clocale=gnu --disable-libstdcxx-pch --disable-libssp --enable-gnu-unique-object --enable-linker-build-id --enable-lto --enable-plugin --enable-install-libiberty --with-linker-hash-style=gnu --enable-gnu-indirect-function --enable-multilib --disable-werror --enable-checking=release --enable-default-pie --enable-default-ssp --enable-cet=auto gdc_include_dir=/usr/include/dlang/gdc
Thread model: posix
gcc version 9.2.1 20200130 (Arch Linux 9.2.1+20200130-2) 
COMPILER_PATH=/usr/lib/gcc/x86_64-pc-linux-gnu/9.2.1/:/usr/lib/gcc/x86_64-pc-linux-gnu/9.2.1/:/usr/lib/gcc/x86_64-pc-linux-gnu/:/usr/lib/gcc/x86_64-pc-linux-gnu/9.2.1/:/usr/lib/gcc/x86_64-pc-linux-gnu/
LIBRARY_PATH=/usr/lib/gcc/x86_64-pc-linux-gnu/9.2.1/:/usr/lib/gcc/x86_64-pc-linux-gnu/9.2.1/../../../../lib/:/lib/../lib/:/usr/lib/../lib/:/usr/lib/gcc/x86_64-pc-linux-gnu/9.2.1/../../../:/lib/:/usr/lib/
COLLECT_GCC_OPTIONS='-v' '-o' 'cmTC_ae5be' '-mtune=generic' '-march=x86-64'
 /usr/lib/gcc/x86_64-pc-linux-gnu/9.2.1/collect2 -plugin /usr/lib/gcc/x86_64-pc-linux-gnu/9.2.1/liblto_plugin.so -plugin-opt=/usr/lib/gcc/x86_64-pc-linux-gnu/9.2.1/lto-wrapper -plugin-opt=-fresolution=/tmp/cc2n8U2V.res -plugin-opt=-pass-through=-lgcc -plugin-opt=-pass-through=-lgcc_s -plugin-opt=-pass-through=-lc -plugin-opt=-pass-through=-lgcc -plugin-opt=-pass-through=-lgcc_s --build-id --eh-frame-hdr --hash-style=gnu -m elf_x86_64 -dynamic-linker /lib64/ld-linux-x86-64.so.2 -pie -o cmTC_ae5be /usr/lib/gcc/x86_64-pc-linux-gnu/9.2.1/../../../../lib/Scrt1.o /usr/lib/gcc/x86_64-pc-linux-gnu/9.2.1/../../../../lib/crti.o /usr/lib/gcc/x86_64-pc-linux-gnu/9.2.1/crtbeginS.o -L/usr/lib/gcc/x86_64-pc-linux-gnu/9.2.1 -L/usr/lib/gcc/x86_64-pc-linux-gnu/9.2.1/../../../../lib -L/lib/../lib -L/usr/lib/../lib -L/usr/lib/gcc/x86_64-pc-linux-gnu/9.2.1/../../.. CMakeFiles/cmTC_ae5be.dir/CMakeCCompilerABI.c.o -lgcc --push-state --as-needed -lgcc_s --pop-state -lc -lgcc --push-state --as-needed -lgcc_s --pop-state /usr/lib/gcc/x86_64-pc-linux-gnu/9.2.1/crtendS.o /usr/lib/gcc/x86_64-pc-linux-gnu/9.2.1/../../../../lib/crtn.o
COLLECT_GCC_OPTIONS='-v' '-o' 'cmTC_ae5be' '-mtune=generic' '-march=x86-64'
make[1]: Leaving directory '/home/laura/Documents/course_os/CMakeFiles/CMakeTmp'



Parsed C implicit include dir info from above output: rv=done
  found start of include info
  found start of implicit include info
    add: [/usr/lib/gcc/x86_64-pc-linux-gnu/9.2.1/include]
    add: [/usr/local/include]
    add: [/usr/lib/gcc/x86_64-pc-linux-gnu/9.2.1/include-fixed]
    add: [/usr/include]
  end of search list found
  collapse include dir [/usr/lib/gcc/x86_64-pc-linux-gnu/9.2.1/include] ==> [/usr/lib/gcc/x86_64-pc-linux-gnu/9.2.1/include]
  collapse include dir [/usr/local/include] ==> [/usr/local/include]
  collapse include dir [/usr/lib/gcc/x86_64-pc-linux-gnu/9.2.1/include-fixed] ==> [/usr/lib/gcc/x86_64-pc-linux-gnu/9.2.1/include-fixed]
  collapse include dir [/usr/include] ==> [/usr/include]
  implicit include dirs: [/usr/lib/gcc/x86_64-pc-linux-gnu/9.2.1/include;/usr/local/include;/usr/lib/gcc/x86_64-pc-linux-gnu/9.2.1/include-fixed;/usr/include]


Parsed C implicit link information from above output:
  link line regex: [^( *|.*[/\])(ld|CMAKE_LINK_STARTFILE-NOTFOUND|([^/\]+-)?ld|collect2)[^/\]*( |$)]
  ignore line: [Change Dir: /home/laura/Documents/course_os/CMakeFiles/CMakeTmp]
  ignore line: []
  ignore line: [Run Build Command(s):/usr/bin/make cmTC_ae5be/fast && /usr/bin/make -f CMakeFiles/cmTC_ae5be.dir/build.make CMakeFiles/cmTC_ae5be.dir/build]
  ignore line: [make[1]: Entering directory '/home/laura/Documents/course_os/CMakeFiles/CMakeTmp']
  ignore line: [Building C object CMakeFiles/cmTC_ae5be.dir/CMakeCCompilerABI.c.o]
  ignore line: [/usr/bin/cc   -v -o CMakeFiles/cmTC_ae5be.dir/CMakeCCompilerABI.c.o   -c /home/laura/.local/share/JetBrains/Toolbox/apps/CLion/ch-0/193.5233.103/bin/cmake/linux/share/cmake-3.15/Modules/CMakeCCompilerABI.c]
  ignore line: [Using built-in specs.]
  ignore line: [COLLECT_GCC=/usr/bin/cc]
  ignore line: [Target: x86_64-pc-linux-gnu]
  ignore line: [Configured with: /build/gcc/src/gcc/configure --prefix=/usr --libdir=/usr/lib --libexecdir=/usr/lib --mandir=/usr/share/man --infodir=/usr/share/info --with-pkgversion='Arch Linux 9.2.1+20200130-2' --with-bugurl=https://bugs.archlinux.org/ --enable-languages=c,c++,ada,fortran,go,lto,objc,obj-c++,d --enable-shared --enable-threads=posix --with-system-zlib --with-isl --enable-__cxa_atexit --disable-libunwind-exceptions --enable-clocale=gnu --disable-libstdcxx-pch --disable-libssp --enable-gnu-unique-object --enable-linker-build-id --enable-lto --enable-plugin --enable-install-libiberty --with-linker-hash-style=gnu --enable-gnu-indirect-function --enable-multilib --disable-werror --enable-checking=release --enable-default-pie --enable-default-ssp --enable-cet=auto gdc_include_dir=/usr/include/dlang/gdc]
  ignore line: [Thread model: posix]
  ignore line: [gcc version 9.2.1 20200130 (Arch Linux 9.2.1+20200130-2) ]
  ignore line: [COLLECT_GCC_OPTIONS='-v' '-o' 'CMakeFiles/cmTC_ae5be.dir/CMakeCCompilerABI.c.o' '-c' '-mtune=generic' '-march=x86-64']
  ignore line: [ /usr/lib/gcc/x86_64-pc-linux-gnu/9.2.1/cc1 -quiet -v /home/laura/.local/share/JetBrains/Toolbox/apps/CLion/ch-0/193.5233.103/bin/cmake/linux/share/cmake-3.15/Modules/CMakeCCompilerABI.c -quiet -dumpbase CMakeCCompilerABI.c -mtune=generic -march=x86-64 -auxbase-strip CMakeFiles/cmTC_ae5be.dir/CMakeCCompilerABI.c.o -version -o /tmp/cc6LCKZz.s]
  ignore line: [GNU C17 (Arch Linux 9.2.1+20200130-2) version 9.2.1 20200130 (x86_64-pc-linux-gnu)]
  ignore line: [	compiled by GNU C version 9.2.1 20200130, GMP version 6.2.0, MPFR version 4.0.2, MPC version 1.1.0, isl version isl-0.21-GMP]
  ignore line: []
  ignore line: [GGC heuristics: --param ggc-min-expand=100 --param ggc-min-heapsize=131072]
  ignore line: [ignoring nonexistent directory "/usr/lib/gcc/x86_64-pc-linux-gnu/9.2.1/../../../../x86_64-pc-linux-gnu/include"]
  ignore line: [#include "..." search starts here:]
  ignore line: [#include <...> search starts here:]
  ignore line: [ /usr/lib/gcc/x86_64-pc-linux-gnu/9.2.1/include]
  ignore line: [ /usr/local/include]
  ignore line: [ /usr/lib/gcc/x86_64-pc-linux-gnu/9.2.1/include-fixed]
  ignore line: [ /usr/include]
  ignore line: [End of search list.]
  ignore line: [GNU C17 (Arch Linux 9.2.1+20200130-2) version 9.2.1 20200130 (x86_64-pc-linux-gnu)]
  ignore line: [	compiled by GNU C version 9.2.1 20200130, GMP version 6.2.0, MPFR version 4.0.2, MPC version 1.1.0, isl version isl-0.21-GMP]
  ignore line: []
  ignore line: [GGC heuristics: --param ggc-min-expand=100 --param ggc-min-heapsize=131072]
  ignore line: [Compiler executable checksum: 3aaa94857c123f2071b8be0d161ad9fe]
  ignore line: [COLLECT_GCC_OPTIONS='-v' '-o' 'CMakeFiles/cmTC_ae5be.dir/CMakeCCompilerABI.c.o' '-c' '-mtune=generic' '-march=x86-64']
  ignore line: [ as -v --64 -o CMakeFiles/cmTC_ae5be.dir/CMakeCCompilerABI.c.o /tmp/cc6LCKZz.s]
  ignore line: [GNU assembler version 2.34 (x86_64-pc-linux-gnu) using BFD version (GNU Binutils) 2.34]
  ignore line: [COMPILER_PATH=/usr/lib/gcc/x86_64-pc-linux-gnu/9.2.1/:/usr/lib/gcc/x86_64-pc-linux-gnu/9.2.1/:/usr/lib/gcc/x86_64-pc-linux-gnu/:/usr/lib/gcc/x86_64-pc-linux-gnu/9.2.1/:/usr/lib/gcc/x86_64-pc-linux-gnu/]
  ignore line: [LIBRARY_PATH=/usr/lib/gcc/x86_64-pc-linux-gnu/9.2.1/:/usr/lib/gcc/x86_64-pc-linux-gnu/9.2.1/../../../../lib/:/lib/../lib/:/usr/lib/../lib/:/usr/lib/gcc/x86_64-pc-linux-gnu/9.2.1/../../../:/lib/:/usr/lib/]
  ignore line: [COLLECT_GCC_OPTIONS='-v' '-o' 'CMakeFiles/cmTC_ae5be.dir/CMakeCCompilerABI.c.o' '-c' '-mtune=generic' '-march=x86-64']
  ignore line: [Linking C executable cmTC_ae5be]
  ignore line: [/home/laura/.local/share/JetBrains/Toolbox/apps/CLion/ch-0/193.5233.103/bin/cmake/linux/bin/cmake -E cmake_link_script CMakeFiles/cmTC_ae5be.dir/link.txt --verbose=1]
  ignore line: [/usr/bin/cc     -v CMakeFiles/cmTC_ae5be.dir/CMakeCCompilerABI.c.o  -o cmTC_ae5be ]
  ignore line: [Using built-in specs.]
  ignore line: [COLLECT_GCC=/usr/bin/cc]
  ignore line: [COLLECT_LTO_WRAPPER=/usr/lib/gcc/x86_64-pc-linux-gnu/9.2.1/lto-wrapper]
  ignore line: [Target: x86_64-pc-linux-gnu]
  ignore line: [Configured with: /build/gcc/src/gcc/configure --prefix=/usr --libdir=/usr/lib --libexecdir=/usr/lib --mandir=/usr/share/man --infodir=/usr/share/info --with-pkgversion='Arch Linux 9.2.1+20200130-2' --with-bugurl=https://bugs.archlinux.org/ --enable-languages=c,c++,ada,fortran,go,lto,objc,obj-c++,d --enable-shared --enable-threads=posix --with-system-zlib --with-isl --enable-__cxa_atexit --disable-libunwind-exceptions --enable-clocale=gnu --disable-libstdcxx-pch --disable-libssp --enable-gnu-unique-object --enable-linker-build-id --enable-lto --enable-plugin --enable-install-libiberty --with-linker-hash-style=gnu --enable-gnu-indirect-function --enable-multilib --disable-werror --enable-checking=release --enable-default-pie --enable-default-ssp --enable-cet=auto gdc_include_dir=/usr/include/dlang/gdc]
  ignore line: [Thread model: posix]
  ignore line: [gcc version 9.2.1 20200130 (Arch Linux 9.2.1+20200130-2) ]
  ignore line: [COMPILER_PATH=/usr/lib/gcc/x86_64-pc-linux-gnu/9.2.1/:/usr/lib/gcc/x86_64-pc-linux-gnu/9.2.1/:/usr/lib/gcc/x86_64-pc-linux-gnu/:/usr/lib/gcc/x86_64-pc-linux-gnu/9.2.1/:/usr/lib/gcc/x86_64-pc-linux-gnu/]
  ignore line: [LIBRARY_PATH=/usr/lib/gcc/x86_64-pc-linux-gnu/9.2.1/:/usr/lib/gcc/x86_64-pc-linux-gnu/9.2.1/../../../../lib/:/lib/../lib/:/usr/lib/../lib/:/usr/lib/gcc/x86_64-pc-linux-gnu/9.2.1/../../../:/lib/:/usr/lib/]
  ignore line: [COLLECT_GCC_OPTIONS='-v' '-o' 'cmTC_ae5be' '-mtune=generic' '-march=x86-64']
  link line: [ /usr/lib/gcc/x86_64-pc-linux-gnu/9.2.1/collect2 -plugin /usr/lib/gcc/x86_64-pc-linux-gnu/9.2.1/liblto_plugin.so -plugin-opt=/usr/lib/gcc/x86_64-pc-linux-gnu/9.2.1/lto-wrapper -plugin-opt=-fresolution=/tmp/cc2n8U2V.res -plugin-opt=-pass-through=-lgcc -plugin-opt=-pass-through=-lgcc_s -plugin-opt=-pass-through=-lc -plugin-opt=-pass-through=-lgcc -plugin-opt=-pass-through=-lgcc_s --build-id --eh-frame-hdr --hash-style=gnu -m elf_x86_64 -dynamic-linker /lib64/ld-linux-x86-64.so.2 -pie -o cmTC_ae5be /usr/lib/gcc/x86_64-pc-linux-gnu/9.2.1/../../../../lib/Scrt1.o /usr/lib/gcc/x86_64-pc-linux-gnu/9.2.1/../../../../lib/crti.o /usr/lib/gcc/x86_64-pc-linux-gnu/9.2.1/crtbeginS.o -L/usr/lib/gcc/x86_64-pc-linux-gnu/9.2.1 -L/usr/lib/gcc/x86_64-pc-linux-gnu/9.2.1/../../../../lib -L/lib/../lib -L/usr/lib/../lib -L/usr/lib/gcc/x86_64-pc-linux-gnu/9.2.1/../../.. CMakeFiles/cmTC_ae5be.dir/CMakeCCompilerABI.c.o -lgcc --push-state --as-needed -lgcc_s --pop-state -lc -lgcc --push-state --as-needed -lgcc_s --pop-state /usr/lib/gcc/x86_64-pc-linux-gnu/9.2.1/crtendS.o /usr/lib/gcc/x86_64-pc-linux-gnu/9.2.1/../../../../lib/crtn.o]
    arg [/usr/lib/gcc/x86_64-pc-linux-gnu/9.2.1/collect2] ==> ignore
    arg [-plugin] ==> ignore
    arg [/usr/lib/gcc/x86_64-pc-linux-gnu/9.2.1/liblto_plugin.so] ==> ignore
    arg [-plugin-opt=/usr/lib/gcc/x86_64-pc-linux-gnu/9.2.1/lto-wrapper] ==> ignore
    arg [-plugin-opt=-fresolution=/tmp/cc2n8U2V.res] ==> ignore
    arg [-plugin-opt=-pass-through=-lgcc] ==> ignore
    arg [-plugin-opt=-pass-through=-lgcc_s] ==> ignore
    arg [-plugin-opt=-pass-through=-lc] ==> ignore
    arg [-plugin-opt=-pass-through=-lgcc] ==> ignore
    arg [-plugin-opt=-pass-through=-lgcc_s] ==> ignore
    arg [--build-id] ==> ignore
    arg [--eh-frame-hdr] ==> ignore
    arg [--hash-style=gnu] ==> ignore
    arg [-m] ==> ignore
    arg [elf_x86_64] ==> ignore
    arg [-dynamic-linker] ==> ignore
    arg [/lib64/ld-linux-x86-64.so.2] ==> ignore
    arg [-pie] ==> ignore
    arg [-o] ==> ignore
    arg [cmTC_ae5be] ==> ignore
    arg [/usr/lib/gcc/x86_64-pc-linux-gnu/9.2.1/../../../../lib/Scrt1.o] ==> ignore
    arg [/usr/lib/gcc/x86_64-pc-linux-gnu/9.2.1/../../../../lib/crti.o] ==> ignore
    arg [/usr/lib/gcc/x86_64-pc-linux-gnu/9.2.1/crtbeginS.o] ==> ignore
    arg [-L/usr/lib/gcc/x86_64-pc-linux-gnu/9.2.1] ==> dir [/usr/lib/gcc/x86_64-pc-linux-gnu/9.2.1]
    arg [-L/usr/lib/gcc/x86_64-pc-linux-gnu/9.2.1/../../../../lib] ==> dir [/usr/lib/gcc/x86_64-pc-linux-gnu/9.2.1/../../../../lib]
    arg [-L/lib/../lib] ==> dir [/lib/../lib]
    arg [-L/usr/lib/../lib] ==> dir [/usr/lib/../lib]
    arg [-L/usr/lib/gcc/x86_64-pc-linux-gnu/9.2.1/../../..] ==> dir [/usr/lib/gcc/x86_64-pc-linux-gnu/9.2.1/../../..]
    arg [CMakeFiles/cmTC_ae5be.dir/CMakeCCompilerABI.c.o] ==> ignore
    arg [-lgcc] ==> lib [gcc]
    arg [--push-state] ==> ignore
    arg [--as-needed] ==> ignore
    arg [-lgcc_s] ==> lib [gcc_s]
    arg [--pop-state] ==> ignore
    arg [-lc] ==> lib [c]
    arg [-lgcc] ==> lib [gcc]
    arg [--push-state] ==> ignore
    arg [--as-needed] ==> ignore
    arg [-lgcc_s] ==> lib [gcc_s]
    arg [--pop-state] ==> ignore
    arg [/usr/lib/gcc/x86_64-pc-linux-gnu/9.2.1/crtendS.o] ==> ignore
    arg [/usr/lib/gcc/x86_64-pc-linux-gnu/9.2.1/../../../../lib/crtn.o] ==> ignore
  collapse library dir [/usr/lib/gcc/x86_64-pc-linux-gnu/9.2.1] ==> [/usr/lib/gcc/x86_64-pc-linux-gnu/9.2.1]
  collapse library dir [/usr/lib/gcc/x86_64-pc-linux-gnu/9.2.1/../../../../lib] ==> [/usr/lib]
  collapse library dir [/lib/../lib] ==> [/lib]
  collapse library dir [/usr/lib/../lib] ==> [/usr/lib]
  collapse library dir [/usr/lib/gcc/x86_64-pc-linux-gnu/9.2.1/../../..] ==> [/usr/lib]
  implicit libs: [gcc;gcc_s;c;gcc;gcc_s]
  implicit dirs: [/usr/lib/gcc/x86_64-pc-linux-gnu/9.2.1;/usr/lib;/lib]
  implicit fwks: []


Determining if the CXX compiler works passed with the following output:
Change Dir: /home/laura/Documents/course_os/CMakeFiles/CMakeTmp

Run Build Command(s):/usr/bin/make cmTC_b385b/fast && /usr/bin/make -f CMakeFiles/cmTC_b385b.dir/build.make CMakeFiles/cmTC_b385b.dir/build
make[1]: Entering directory '/home/laura/Documents/course_os/CMakeFiles/CMakeTmp'
Building CXX object CMakeFiles/cmTC_b385b.dir/testCXXCompiler.cxx.o
/usr/bin/c++     -o CMakeFiles/cmTC_b385b.dir/testCXXCompiler.cxx.o -c /home/laura/Documents/course_os/CMakeFiles/CMakeTmp/testCXXCompiler.cxx
Linking CXX executable cmTC_b385b
/home/laura/.local/share/JetBrains/Toolbox/apps/CLion/ch-0/193.5233.103/bin/cmake/linux/bin/cmake -E cmake_link_script CMakeFiles/cmTC_b385b.dir/link.txt --verbose=1
/usr/bin/c++       CMakeFiles/cmTC_b385b.dir/testCXXCompiler.cxx.o  -o cmTC_b385b 
make[1]: Leaving directory '/home/laura/Documents/course_os/CMakeFiles/CMakeTmp'



Detecting CXX compiler ABI info compiled with the following output:
Change Dir: /home/laura/Documents/course_os/CMakeFiles/CMakeTmp

Run Build Command(s):/usr/bin/make cmTC_e1262/fast && /usr/bin/make -f CMakeFiles/cmTC_e1262.dir/build.make CMakeFiles/cmTC_e1262.dir/build
make[1]: Entering directory '/home/laura/Documents/course_os/CMakeFiles/CMakeTmp'
Building CXX object CMakeFiles/cmTC_e1262.dir/CMakeCXXCompilerABI.cpp.o
/usr/bin/c++    -v -o CMakeFiles/cmTC_e1262.dir/CMakeCXXCompilerABI.cpp.o -c /home/laura/.local/share/JetBrains/Toolbox/apps/CLion/ch-0/193.5233.103/bin/cmake/linux/share/cmake-3.15/Modules/CMakeCXXCompilerABI.cpp
Using built-in specs.
COLLECT_GCC=/usr/bin/c++
Target: x86_64-pc-linux-gnu
Configured with: /build/gcc/src/gcc/configure --prefix=/usr --libdir=/usr/lib --libexecdir=/usr/lib --mandir=/usr/share/man --infodir=/usr/share/info --with-pkgversion='Arch Linux 9.2.1+20200130-2' --with-bugurl=https://bugs.archlinux.org/ --enable-languages=c,c++,ada,fortran,go,lto,objc,obj-c++,d --enable-shared --enable-threads=posix --with-system-zlib --with-isl --enable-__cxa_atexit --disable-libunwind-exceptions --enable-clocale=gnu --disable-libstdcxx-pch --disable-libssp --enable-gnu-unique-object --enable-linker-build-id --enable-lto --enable-plugin --enable-install-libiberty --with-linker-hash-style=gnu --enable-gnu-indirect-function --enable-multilib --disable-werror --enable-checking=release --enable-default-pie --enable-default-ssp --enable-cet=auto gdc_include_dir=/usr/include/dlang/gdc
Thread model: posix
gcc version 9.2.1 20200130 (Arch Linux 9.2.1+20200130-2) 
COLLECT_GCC_OPTIONS='-v' '-o' 'CMakeFiles/cmTC_e1262.dir/CMakeCXXCompilerABI.cpp.o' '-c' '-shared-libgcc' '-mtune=generic' '-march=x86-64'
 /usr/lib/gcc/x86_64-pc-linux-gnu/9.2.1/cc1plus -quiet -v -D_GNU_SOURCE /home/laura/.local/share/JetBrains/Toolbox/apps/CLion/ch-0/193.5233.103/bin/cmake/linux/share/cmake-3.15/Modules/CMakeCXXCompilerABI.cpp -quiet -dumpbase CMakeCXXCompilerABI.cpp -mtune=generic -march=x86-64 -auxbase-strip CMakeFiles/cmTC_e1262.dir/CMakeCXXCompilerABI.cpp.o -version -o /tmp/cceMZiwe.s
GNU C++14 (Arch Linux 9.2.1+20200130-2) version 9.2.1 20200130 (x86_64-pc-linux-gnu)
	compiled by GNU C version 9.2.1 20200130, GMP version 6.2.0, MPFR version 4.0.2, MPC version 1.1.0, isl version isl-0.21-GMP

GGC heuristics: --param ggc-min-expand=100 --param ggc-min-heapsize=131072
ignoring nonexistent directory "/usr/lib/gcc/x86_64-pc-linux-gnu/9.2.1/../../../../x86_64-pc-linux-gnu/include"
#include "..." search starts here:
#include <...> search starts here:
 /usr/lib/gcc/x86_64-pc-linux-gnu/9.2.1/../../../../include/c++/9.2.1
 /usr/lib/gcc/x86_64-pc-linux-gnu/9.2.1/../../../../include/c++/9.2.1/x86_64-pc-linux-gnu
 /usr/lib/gcc/x86_64-pc-linux-gnu/9.2.1/../../../../include/c++/9.2.1/backward
 /usr/lib/gcc/x86_64-pc-linux-gnu/9.2.1/include
 /usr/local/include
 /usr/lib/gcc/x86_64-pc-linux-gnu/9.2.1/include-fixed
 /usr/include
End of search list.
GNU C++14 (Arch Linux 9.2.1+20200130-2) version 9.2.1 20200130 (x86_64-pc-linux-gnu)
	compiled by GNU C version 9.2.1 20200130, GMP version 6.2.0, MPFR version 4.0.2, MPC version 1.1.0, isl version isl-0.21-GMP

GGC heuristics: --param ggc-min-expand=100 --param ggc-min-heapsize=131072
Compiler executable checksum: 0f98914bc20ceba8208e51da5fb8e41a
COLLECT_GCC_OPTIONS='-v' '-o' 'CMakeFiles/cmTC_e1262.dir/CMakeCXXCompilerABI.cpp.o' '-c' '-shared-libgcc' '-mtune=generic' '-march=x86-64'
 as -v --64 -o CMakeFiles/cmTC_e1262.dir/CMakeCXXCompilerABI.cpp.o /tmp/cceMZiwe.s
GNU assembler version 2.34 (x86_64-pc-linux-gnu) using BFD version (GNU Binutils) 2.34
COMPILER_PATH=/usr/lib/gcc/x86_64-pc-linux-gnu/9.2.1/:/usr/lib/gcc/x86_64-pc-linux-gnu/9.2.1/:/usr/lib/gcc/x86_64-pc-linux-gnu/:/usr/lib/gcc/x86_64-pc-linux-gnu/9.2.1/:/usr/lib/gcc/x86_64-pc-linux-gnu/
LIBRARY_PATH=/usr/lib/gcc/x86_64-pc-linux-gnu/9.2.1/:/usr/lib/gcc/x86_64-pc-linux-gnu/9.2.1/../../../../lib/:/lib/../lib/:/usr/lib/../lib/:/usr/lib/gcc/x86_64-pc-linux-gnu/9.2.1/../../../:/lib/:/usr/lib/
COLLECT_GCC_OPTIONS='-v' '-o' 'CMakeFiles/cmTC_e1262.dir/CMakeCXXCompilerABI.cpp.o' '-c' '-shared-libgcc' '-mtune=generic' '-march=x86-64'
Linking CXX executable cmTC_e1262
/home/laura/.local/share/JetBrains/Toolbox/apps/CLion/ch-0/193.5233.103/bin/cmake/linux/bin/cmake -E cmake_link_script CMakeFiles/cmTC_e1262.dir/link.txt --verbose=1
/usr/bin/c++      -v CMakeFiles/cmTC_e1262.dir/CMakeCXXCompilerABI.cpp.o  -o cmTC_e1262 
Using built-in specs.
COLLECT_GCC=/usr/bin/c++
COLLECT_LTO_WRAPPER=/usr/lib/gcc/x86_64-pc-linux-gnu/9.2.1/lto-wrapper
Target: x86_64-pc-linux-gnu
Configured with: /build/gcc/src/gcc/configure --prefix=/usr --libdir=/usr/lib --libexecdir=/usr/lib --mandir=/usr/share/man --infodir=/usr/share/info --with-pkgversion='Arch Linux 9.2.1+20200130-2' --with-bugurl=https://bugs.archlinux.org/ --enable-languages=c,c++,ada,fortran,go,lto,objc,obj-c++,d --enable-shared --enable-threads=posix --with-system-zlib --with-isl --enable-__cxa_atexit --disable-libunwind-exceptions --enable-clocale=gnu --disable-libstdcxx-pch --disable-libssp --enable-gnu-unique-object --enable-linker-build-id --enable-lto --enable-plugin --enable-install-libiberty --with-linker-hash-style=gnu --enable-gnu-indirect-function --enable-multilib --disable-werror --enable-checking=release --enable-default-pie --enable-default-ssp --enable-cet=auto gdc_include_dir=/usr/include/dlang/gdc
Thread model: posix
gcc version 9.2.1 20200130 (Arch Linux 9.2.1+20200130-2) 
COMPILER_PATH=/usr/lib/gcc/x86_64-pc-linux-gnu/9.2.1/:/usr/lib/gcc/x86_64-pc-linux-gnu/9.2.1/:/usr/lib/gcc/x86_64-pc-linux-gnu/:/usr/lib/gcc/x86_64-pc-linux-gnu/9.2.1/:/usr/lib/gcc/x86_64-pc-linux-gnu/
LIBRARY_PATH=/usr/lib/gcc/x86_64-pc-linux-gnu/9.2.1/:/usr/lib/gcc/x86_64-pc-linux-gnu/9.2.1/../../../../lib/:/lib/../lib/:/usr/lib/../lib/:/usr/lib/gcc/x86_64-pc-linux-gnu/9.2.1/../../../:/lib/:/usr/lib/
COLLECT_GCC_OPTIONS='-v' '-o' 'cmTC_e1262' '-shared-libgcc' '-mtune=generic' '-march=x86-64'
 /usr/lib/gcc/x86_64-pc-linux-gnu/9.2.1/collect2 -plugin /usr/lib/gcc/x86_64-pc-linux-gnu/9.2.1/liblto_plugin.so -plugin-opt=/usr/lib/gcc/x86_64-pc-linux-gnu/9.2.1/lto-wrapper -plugin-opt=-fresolution=/tmp/ccB2JuDz.res -plugin-opt=-pass-through=-lgcc_s -plugin-opt=-pass-through=-lgcc -plugin-opt=-pass-through=-lc -plugin-opt=-pass-through=-lgcc_s -plugin-opt=-pass-through=-lgcc --build-id --eh-frame-hdr --hash-style=gnu -m elf_x86_64 -dynamic-linker /lib64/ld-linux-x86-64.so.2 -pie -o cmTC_e1262 /usr/lib/gcc/x86_64-pc-linux-gnu/9.2.1/../../../../lib/Scrt1.o /usr/lib/gcc/x86_64-pc-linux-gnu/9.2.1/../../../../lib/crti.o /usr/lib/gcc/x86_64-pc-linux-gnu/9.2.1/crtbeginS.o -L/usr/lib/gcc/x86_64-pc-linux-gnu/9.2.1 -L/usr/lib/gcc/x86_64-pc-linux-gnu/9.2.1/../../../../lib -L/lib/../lib -L/usr/lib/../lib -L/usr/lib/gcc/x86_64-pc-linux-gnu/9.2.1/../../.. CMakeFiles/cmTC_e1262.dir/CMakeCXXCompilerABI.cpp.o -lstdc++ -lm -lgcc_s -lgcc -lc -lgcc_s -lgcc /usr/lib/gcc/x86_64-pc-linux-gnu/9.2.1/crtendS.o /usr/lib/gcc/x86_64-pc-linux-gnu/9.2.1/../../../../lib/crtn.o
COLLECT_GCC_OPTIONS='-v' '-o' 'cmTC_e1262' '-shared-libgcc' '-mtune=generic' '-march=x86-64'
make[1]: Leaving directory '/home/laura/Documents/course_os/CMakeFiles/CMakeTmp'



Parsed CXX implicit include dir info from above output: rv=done
  found start of include info
  found start of implicit include info
    add: [/usr/lib/gcc/x86_64-pc-linux-gnu/9.2.1/../../../../include/c++/9.2.1]
    add: [/usr/lib/gcc/x86_64-pc-linux-gnu/9.2.1/../../../../include/c++/9.2.1/x86_64-pc-linux-gnu]
    add: [/usr/lib/gcc/x86_64-pc-linux-gnu/9.2.1/../../../../include/c++/9.2.1/backward]
    add: [/usr/lib/gcc/x86_64-pc-linux-gnu/9.2.1/include]
    add: [/usr/local/include]
    add: [/usr/lib/gcc/x86_64-pc-linux-gnu/9.2.1/include-fixed]
    add: [/usr/include]
  end of search list found
  collapse include dir [/usr/lib/gcc/x86_64-pc-linux-gnu/9.2.1/../../../../include/c++/9.2.1] ==> [/usr/include/c++/9.2.1]
  collapse include dir [/usr/lib/gcc/x86_64-pc-linux-gnu/9.2.1/../../../../include/c++/9.2.1/x86_64-pc-linux-gnu] ==> [/usr/include/c++/9.2.1/x86_64-pc-linux-gnu]
  collapse include dir [/usr/lib/gcc/x86_64-pc-linux-gnu/9.2.1/../../../../include/c++/9.2.1/backward] ==> [/usr/include/c++/9.2.1/backward]
  collapse include dir [/usr/lib/gcc/x86_64-pc-linux-gnu/9.2.1/include] ==> [/usr/lib/gcc/x86_64-pc-linux-gnu/9.2.1/include]
  collapse include dir [/usr/local/include] ==> [/usr/local/include]
  collapse include dir [/usr/lib/gcc/x86_64-pc-linux-gnu/9.2.1/include-fixed] ==> [/usr/lib/gcc/x86_64-pc-linux-gnu/9.2.1/include-fixed]
  collapse include dir [/usr/include] ==> [/usr/include]
  implicit include dirs: [/usr/include/c++/9.2.1;/usr/include/c++/9.2.1/x86_64-pc-linux-gnu;/usr/include/c++/9.2.1/backward;/usr/lib/gcc/x86_64-pc-linux-gnu/9.2.1/include;/usr/local/include;/usr/lib/gcc/x86_64-pc-linux-gnu/9.2.1/include-fixed;/usr/include]


Parsed CXX implicit link information from above output:
  link line regex: [^( *|.*[/\])(ld|CMAKE_LINK_STARTFILE-NOTFOUND|([^/\]+-)?ld|collect2)[^/\]*( |$)]
  ignore line: [Change Dir: /home/laura/Documents/course_os/CMakeFiles/CMakeTmp]
  ignore line: []
  ignore line: [Run Build Command(s):/usr/bin/make cmTC_e1262/fast && /usr/bin/make -f CMakeFiles/cmTC_e1262.dir/build.make CMakeFiles/cmTC_e1262.dir/build]
  ignore line: [make[1]: Entering directory '/home/laura/Documents/course_os/CMakeFiles/CMakeTmp']
  ignore line: [Building CXX object CMakeFiles/cmTC_e1262.dir/CMakeCXXCompilerABI.cpp.o]
  ignore line: [/usr/bin/c++    -v -o CMakeFiles/cmTC_e1262.dir/CMakeCXXCompilerABI.cpp.o -c /home/laura/.local/share/JetBrains/Toolbox/apps/CLion/ch-0/193.5233.103/bin/cmake/linux/share/cmake-3.15/Modules/CMakeCXXCompilerABI.cpp]
  ignore line: [Using built-in specs.]
  ignore line: [COLLECT_GCC=/usr/bin/c++]
  ignore line: [Target: x86_64-pc-linux-gnu]
  ignore line: [Configured with: /build/gcc/src/gcc/configure --prefix=/usr --libdir=/usr/lib --libexecdir=/usr/lib --mandir=/usr/share/man --infodir=/usr/share/info --with-pkgversion='Arch Linux 9.2.1+20200130-2' --with-bugurl=https://bugs.archlinux.org/ --enable-languages=c,c++,ada,fortran,go,lto,objc,obj-c++,d --enable-shared --enable-threads=posix --with-system-zlib --with-isl --enable-__cxa_atexit --disable-libunwind-exceptions --enable-clocale=gnu --disable-libstdcxx-pch --disable-libssp --enable-gnu-unique-object --enable-linker-build-id --enable-lto --enable-plugin --enable-install-libiberty --with-linker-hash-style=gnu --enable-gnu-indirect-function --enable-multilib --disable-werror --enable-checking=release --enable-default-pie --enable-default-ssp --enable-cet=auto gdc_include_dir=/usr/include/dlang/gdc]
  ignore line: [Thread model: posix]
  ignore line: [gcc version 9.2.1 20200130 (Arch Linux 9.2.1+20200130-2) ]
  ignore line: [COLLECT_GCC_OPTIONS='-v' '-o' 'CMakeFiles/cmTC_e1262.dir/CMakeCXXCompilerABI.cpp.o' '-c' '-shared-libgcc' '-mtune=generic' '-march=x86-64']
  ignore line: [ /usr/lib/gcc/x86_64-pc-linux-gnu/9.2.1/cc1plus -quiet -v -D_GNU_SOURCE /home/laura/.local/share/JetBrains/Toolbox/apps/CLion/ch-0/193.5233.103/bin/cmake/linux/share/cmake-3.15/Modules/CMakeCXXCompilerABI.cpp -quiet -dumpbase CMakeCXXCompilerABI.cpp -mtune=generic -march=x86-64 -auxbase-strip CMakeFiles/cmTC_e1262.dir/CMakeCXXCompilerABI.cpp.o -version -o /tmp/cceMZiwe.s]
  ignore line: [GNU C++14 (Arch Linux 9.2.1+20200130-2) version 9.2.1 20200130 (x86_64-pc-linux-gnu)]
  ignore line: [	compiled by GNU C version 9.2.1 20200130, GMP version 6.2.0, MPFR version 4.0.2, MPC version 1.1.0, isl version isl-0.21-GMP]
  ignore line: []
  ignore line: [GGC heuristics: --param ggc-min-expand=100 --param ggc-min-heapsize=131072]
  ignore line: [ignoring nonexistent directory "/usr/lib/gcc/x86_64-pc-linux-gnu/9.2.1/../../../../x86_64-pc-linux-gnu/include"]
  ignore line: [#include "..." search starts here:]
  ignore line: [#include <...> search starts here:]
  ignore line: [ /usr/lib/gcc/x86_64-pc-linux-gnu/9.2.1/../../../../include/c++/9.2.1]
  ignore line: [ /usr/lib/gcc/x86_64-pc-linux-gnu/9.2.1/../../../../include/c++/9.2.1/x86_64-pc-linux-gnu]
  ignore line: [ /usr/lib/gcc/x86_64-pc-linux-gnu/9.2.1/../../../../include/c++/9.2.1/backward]
  ignore line: [ /usr/lib/gcc/x86_64-pc-linux-gnu/9.2.1/include]
  ignore line: [ /usr/local/include]
  ignore line: [ /usr/lib/gcc/x86_64-pc-linux-gnu/9.2.1/include-fixed]
  ignore line: [ /usr/include]
  ignore line: [End of search list.]
  ignore line: [GNU C++14 (Arch Linux 9.2.1+20200130-2) version 9.2.1 20200130 (x86_64-pc-linux-gnu)]
  ignore line: [	compiled by GNU C version 9.2.1 20200130, GMP version 6.2.0, MPFR version 4.0.2, MPC version 1.1.0, isl version isl-0.21-GMP]
  ignore line: []
  ignore line: [GGC heuristics: --param ggc-min-expand=100 --param ggc-min-heapsize=131072]
  ignore line: [Compiler executable checksum: 0f98914bc20ceba8208e51da5fb8e41a]
  ignore line: [COLLECT_GCC_OPTIONS='-v' '-o' 'CMakeFiles/cmTC_e1262.dir/CMakeCXXCompilerABI.cpp.o' '-c' '-shared-libgcc' '-mtune=generic' '-march=x86-64']
  ignore line: [ as -v --64 -o CMakeFiles/cmTC_e1262.dir/CMakeCXXCompilerABI.cpp.o /tmp/cceMZiwe.s]
  ignore line: [GNU assembler version 2.34 (x86_64-pc-linux-gnu) using BFD version (GNU Binutils) 2.34]
  ignore line: [COMPILER_PATH=/usr/lib/gcc/x86_64-pc-linux-gnu/9.2.1/:/usr/lib/gcc/x86_64-pc-linux-gnu/9.2.1/:/usr/lib/gcc/x86_64-pc-linux-gnu/:/usr/lib/gcc/x86_64-pc-linux-gnu/9.2.1/:/usr/lib/gcc/x86_64-pc-linux-gnu/]
  ignore line: [LIBRARY_PATH=/usr/lib/gcc/x86_64-pc-linux-gnu/9.2.1/:/usr/lib/gcc/x86_64-pc-linux-gnu/9.2.1/../../../../lib/:/lib/../lib/:/usr/lib/../lib/:/usr/lib/gcc/x86_64-pc-linux-gnu/9.2.1/../../../:/lib/:/usr/lib/]
  ignore line: [COLLECT_GCC_OPTIONS='-v' '-o' 'CMakeFiles/cmTC_e1262.dir/CMakeCXXCompilerABI.cpp.o' '-c' '-shared-libgcc' '-mtune=generic' '-march=x86-64']
  ignore line: [Linking CXX executable cmTC_e1262]
  ignore line: [/home/laura/.local/share/JetBrains/Toolbox/apps/CLion/ch-0/193.5233.103/bin/cmake/linux/bin/cmake -E cmake_link_script CMakeFiles/cmTC_e1262.dir/link.txt --verbose=1]
  ignore line: [/usr/bin/c++      -v CMakeFiles/cmTC_e1262.dir/CMakeCXXCompilerABI.cpp.o  -o cmTC_e1262 ]
  ignore line: [Using built-in specs.]
  ignore line: [COLLECT_GCC=/usr/bin/c++]
  ignore line: [COLLECT_LTO_WRAPPER=/usr/lib/gcc/x86_64-pc-linux-gnu/9.2.1/lto-wrapper]
  ignore line: [Target: x86_64-pc-linux-gnu]
  ignore line: [Configured with: /build/gcc/src/gcc/configure --prefix=/usr --libdir=/usr/lib --libexecdir=/usr/lib --mandir=/usr/share/man --infodir=/usr/share/info --with-pkgversion='Arch Linux 9.2.1+20200130-2' --with-bugurl=https://bugs.archlinux.org/ --enable-languages=c,c++,ada,fortran,go,lto,objc,obj-c++,d --enable-shared --enable-threads=posix --with-system-zlib --with-isl --enable-__cxa_atexit --disable-libunwind-exceptions --enable-clocale=gnu --disable-libstdcxx-pch --disable-libssp --enable-gnu-unique-object --enable-linker-build-id --enable-lto --enable-plugin --enable-install-libiberty --with-linker-hash-style=gnu --enable-gnu-indirect-function --enable-multilib --disable-werror --enable-checking=release --enable-default-pie --enable-default-ssp --enable-cet=auto gdc_include_dir=/usr/include/dlang/gdc]
  ignore line: [Thread model: posix]
  ignore line: [gcc version 9.2.1 20200130 (Arch Linux 9.2.1+20200130-2) ]
  ignore line: [COMPILER_PATH=/usr/lib/gcc/x86_64-pc-linux-gnu/9.2.1/:/usr/lib/gcc/x86_64-pc-linux-gnu/9.2.1/:/usr/lib/gcc/x86_64-pc-linux-gnu/:/usr/lib/gcc/x86_64-pc-linux-gnu/9.2.1/:/usr/lib/gcc/x86_64-pc-linux-gnu/]
  ignore line: [LIBRARY_PATH=/usr/lib/gcc/x86_64-pc-linux-gnu/9.2.1/:/usr/lib/gcc/x86_64-pc-linux-gnu/9.2.1/../../../../lib/:/lib/../lib/:/usr/lib/../lib/:/usr/lib/gcc/x86_64-pc-linux-gnu/9.2.1/../../../:/lib/:/usr/lib/]
  ignore line: [COLLECT_GCC_OPTIONS='-v' '-o' 'cmTC_e1262' '-shared-libgcc' '-mtune=generic' '-march=x86-64']
  link line: [ /usr/lib/gcc/x86_64-pc-linux-gnu/9.2.1/collect2 -plugin /usr/lib/gcc/x86_64-pc-linux-gnu/9.2.1/liblto_plugin.so -plugin-opt=/usr/lib/gcc/x86_64-pc-linux-gnu/9.2.1/lto-wrapper -plugin-opt=-fresolution=/tmp/ccB2JuDz.res -plugin-opt=-pass-through=-lgcc_s -plugin-opt=-pass-through=-lgcc -plugin-opt=-pass-through=-lc -plugin-opt=-pass-through=-lgcc_s -plugin-opt=-pass-through=-lgcc --build-id --eh-frame-hdr --hash-style=gnu -m elf_x86_64 -dynamic-linker /lib64/ld-linux-x86-64.so.2 -pie -o cmTC_e1262 /usr/lib/gcc/x86_64-pc-linux-gnu/9.2.1/../../../../lib/Scrt1.o /usr/lib/gcc/x86_64-pc-linux-gnu/9.2.1/../../../../lib/crti.o /usr/lib/gcc/x86_64-pc-linux-gnu/9.2.1/crtbeginS.o -L/usr/lib/gcc/x86_64-pc-linux-gnu/9.2.1 -L/usr/lib/gcc/x86_64-pc-linux-gnu/9.2.1/../../../../lib -L/lib/../lib -L/usr/lib/../lib -L/usr/lib/gcc/x86_64-pc-linux-gnu/9.2.1/../../.. CMakeFiles/cmTC_e1262.dir/CMakeCXXCompilerABI.cpp.o -lstdc++ -lm -lgcc_s -lgcc -lc -lgcc_s -lgcc /usr/lib/gcc/x86_64-pc-linux-gnu/9.2.1/crtendS.o /usr/lib/gcc/x86_64-pc-linux-gnu/9.2.1/../../../../lib/crtn.o]
    arg [/usr/lib/gcc/x86_64-pc-linux-gnu/9.2.1/collect2] ==> ignore
    arg [-plugin] ==> ignore
    arg [/usr/lib/gcc/x86_64-pc-linux-gnu/9.2.1/liblto_plugin.so] ==> ignore
    arg [-plugin-opt=/usr/lib/gcc/x86_64-pc-linux-gnu/9.2.1/lto-wrapper] ==> ignore
    arg [-plugin-opt=-fresolution=/tmp/ccB2JuDz.res] ==> ignore
    arg [-plugin-opt=-pass-through=-lgcc_s] ==> ignore
    arg [-plugin-opt=-pass-through=-lgcc] ==> ignore
    arg [-plugin-opt=-pass-through=-lc] ==> ignore
    arg [-plugin-opt=-pass-through=-lgcc_s] ==> ignore
    arg [-plugin-opt=-pass-through=-lgcc] ==> ignore
    arg [--build-id] ==> ignore
    arg [--eh-frame-hdr] ==> ignore
    arg [--hash-style=gnu] ==> ignore
    arg [-m] ==> ignore
    arg [elf_x86_64] ==> ignore
    arg [-dynamic-linker] ==> ignore
    arg [/lib64/ld-linux-x86-64.so.2] ==> ignore
    arg [-pie] ==> ignore
    arg [-o] ==> ignore
    arg [cmTC_e1262] ==> ignore
    arg [/usr/lib/gcc/x86_64-pc-linux-gnu/9.2.1/../../../../lib/Scrt1.o] ==> ignore
    arg [/usr/lib/gcc/x86_64-pc-linux-gnu/9.2.1/../../../../lib/crti.o] ==> ignore
    arg [/usr/lib/gcc/x86_64-pc-linux-gnu/9.2.1/crtbeginS.o] ==> ignore
    arg [-L/usr/lib/gcc/x86_64-pc-linux-gnu/9.2.1] ==> dir [/usr/lib/gcc/x86_64-pc-linux-gnu/9.2.1]
    arg [-L/usr/lib/gcc/x86_64-pc-linux-gnu/9.2.1/../../../../lib] ==> dir [/usr/lib/gcc/x86_64-pc-linux-gnu/9.2.1/../../../../lib]
    arg [-L/lib/../lib] ==> dir [/lib/../lib]
    arg [-L/usr/lib/../lib] ==> dir [/usr/lib/../lib]
    arg [-L/usr/lib/gcc/x86_64-pc-linux-gnu/9.2.1/../../..] ==> dir [/usr/lib/gcc/x86_64-pc-linux-gnu/9.2.1/../../..]
    arg [CMakeFiles/cmTC_e1262.dir/CMakeCXXCompilerABI.cpp.o] ==> ignore
    arg [-lstdc++] ==> lib [stdc++]
    arg [-lm] ==> lib [m]
    arg [-lgcc_s] ==> lib [gcc_s]
    arg [-lgcc] ==> lib [gcc]
    arg [-lc] ==> lib [c]
    arg [-lgcc_s] ==> lib [gcc_s]
    arg [-lgcc] ==> lib [gcc]
    arg [/usr/lib/gcc/x86_64-pc-linux-gnu/9.2.1/crtendS.o] ==> ignore
    arg [/usr/lib/gcc/x86_64-pc-linux-gnu/9.2.1/../../../../lib/crtn.o] ==> ignore
  collapse library dir [/usr/lib/gcc/x86_64-pc-linux-gnu/9.2.1] ==> [/usr/lib/gcc/x86_64-pc-linux-gnu/9.2.1]
  collapse library dir [/usr/lib/gcc/x86_64-pc-linux-gnu/9.2.1/../../../../lib] ==> [/usr/lib]
  collapse library dir [/lib/../lib] ==> [/lib]
  collapse library dir [/usr/lib/../lib] ==> [/usr/lib]
  collapse library dir [/usr/lib/gcc/x86_64-pc-linux-gnu/9.2.1/../../..] ==> [/usr/lib]
  implicit libs: [stdc++;m;gcc_s;gcc;c;gcc_s;gcc]
  implicit dirs: [/usr/lib/gcc/x86_64-pc-linux-gnu/9.2.1;/usr/lib;/lib]
  implicit fwks: []


